160
4 441 2 4 9
4 423 30 37 39
4 420 42 43 49
4 369 51 53 57
4 333 58 62 63
4 286 67 68 74
4 252 75 77 82
4 197 83 84 85
4 196 87 88 94
4 190 96 98 102
4 97 103 110 118
4 93 122 125 126
4 35 127 130 131
4 28 133 134 135
4 482 143 137 140
4 326 206 142 145
4 300 146 150 157
4 165 222 161 167
4 47 183 168 169
4 33 223 171 173
4 12 228 176 178
4 454 468 179 184
4 421 46 191 194
4 330 295 202 205
4 322 203 209 211
4 315 144 215 216
4 306 56 220 224
4 299 69 227 229
4 279 36 232 238
4 256 32 239 241
4 21 160 243 246
4 14 359 248 250
4 1 112 253 255
4 492 162 257 260
4 414 34 262 265
4 358 60 270 272
4 352 20 275 281
4 334 193 287 290
4 212 463 291 293
4 189 0 296 297
4 154 19 303 305
4 86 353 308 309
4 17 225 312 313
4 7 199 314 316
4 495 175 317 318
4 484 156 321 323
4 462 52 327 331
4 443 240 335 338
4 410 298 340 342
4 337 350 343 344
4 319 329 346 349
4 301 266 354 355
4 213 158 357 366
4 182 147 368 370
4 170 177 389 374
4 141 292 380 381
4 120 219 382 383
4 73 123 426 386
4 72 71 418 393
4 64 371 398 402
3 11 208 465
3 486 111 404
3 475 5 428
3 452 376 406
3 451 360 416
3 448 159 54
3 434 263 136
3 310 117 490
3 264 108 478
3 261 405 413
3 234 6 198
3 221 18 44
3 210 439 435
3 166 155 408
3 113 23 41
3 48 214 259
3 38 324 471
3 499 15 395
3 498 419 218
3 473 288 80
3 455 430 186
3 445 277 95
3 433 187 307
3 409 139 362
3 396 231 217
3 387 356 365
3 385 89 27
3 367 181 79
3 320 3 92
3 311 394 25
3 273 258 115
3 271 31 294
3 249 236 411
3 61 8 377
3 497 13 104
3 474 24 472
3 467 90 163
3 459 55 172
3 449 91 276
3 447 192 59
3 444 65 348
3 442 105 302
3 438 10 40
3 437 121 26
3 431 235 116
3 429 188 283
3 427 230 81
3 424 242 153
3 422 99 76
3 412 268 16
3 407 278 100
3 403 149 204
3 400 180 388
3 399 45 78
3 397 328 50
3 392 345 66
3 391 107 114
3 384 106 247
3 375 109 119
3 364 124 200
2 351 128
2 336 70
2 201 138
2 494 22
2 461 29
2 460 101
2 453 132
2 450 129
2 446 152
2 432 164
2 425 174
2 401 148
2 390 185
2 379 195
2 378 151
2 373 207
2 372 233
2 363 237
2 361 226
2 347 244
2 341 251
2 339 254
2 332 245
2 325 267
2 304 274
2 289 269
2 285 282
2 284 280
2 496 415
2 493 417
2 491 436
2 489 440
2 488 456
2 487 457
2 485 458
2 483 464
2 481 466
2 480 469
2 479 470
2 477 476
