1628
4 5357 5121 8148 6404
4 421 5913 2589 6255
4 5583 8785 6584 3629
4 9906 3987 7710 5231
4 1737 7529 4386 2094
4 5796 9487 1756 2584
4 6735 8197 8754 998
4 2395 2861 59 6312
4 6655 7923 8873 7569
4 7704 7444 6632 7262
4 5515 9612 8452 7796
4 2489 398 8407 5905
4 820 604 1248 9213
4 1729 9004 6459 8603
4 7549 7064 9529 5886
4 4848 8733 8189 6839
4 8437 9354 1524 4233
4 4449 5744 4100 1287
4 4318 4574 8479 6476
4 9483 6823 5416 9620
4 3904 3626 2545 9383
4 7108 5427 2061 4004
4 3697 973 7792 9131
4 1396 2155 4041 847
4 370 9247 9618 5363
4 3015 3135 4631 4863
4 4644 1492 44 6668
4 2222 2843 8284 2752
4 7168 2687 8854 2117
4 5570 453 1561 9765
4 7100 3505 4036 674
4 461 1423 3273 7936
4 8775 8287 3295 2932
4 1385 8591 6640 2345
4 8004 5616 2096 6639
4 3715 5918 4147 5592
4 9813 6762 2598 2331
4 3420 5090 1556 666
4 2935 1677 9959 4695
4 5251 3825 1114 8119
4 1081 5001 6756 8384
4 8689 9818 6196 948
4 1388 864 9888 7525
4 5989 683 8911 5526
4 4106 6613 3942 8320
4 4194 5052 936 7819
4 4473 3484 7369 7863
4 5083 3149 9128 2968
4 5211 8585 132 2819
4 2459 4670 8777 8814
4 7515 7577 876 8240
4 2246 9256 752 110
4 962 7290 8991 2723
4 7939 7368 7950 3656
4 8837 2196 684 3176
4 3457 2728 8636 4808
4 8392 7208 2212 7101
4 371 9614 8641 714
4 281 63 2064 2499
4 9267 5791 2475 3302
4 6240 5602 7259 2548
4 4090 9894 1101 1491
4 9019 3024 4916 5651
4 1013 839 7945 3678
4 7834 4405 3765 5048
4 6170 4685 7937 5042
4 7198 5945 8152 1707
4 4961 1115 6677 1071
4 1004 2124 3795 4957
4 9965 3272 3647 7135
4 1233 9986 384 854
4 4579 6782 4430 2558
4 2141 9295 7927 7313
4 7104 2070 7201 7540
4 1734 5101 5773 4702
4 2008 4788 1164 2080
4 6495 5214 6381 9568
4 2115 49 6702 7757
4 8058 336 8639 5046
4 1214 7896 7825 4886
4 443 2922 6176 8063
4 4917 1146 1830 976
4 7409 4964 7202 3499
4 1341 5295 5653 9307
4 7961 818 4509 3047
4 3463 4983 5772 82
4 3792 8612 2727 5713
4 6107 7595 3896 1210
4 3607 3293 8338 1988
4 3940 6252 5982 4135
4 4874 636 9305 887
4 3096 8485 3309 2228
4 2274 2964 1353 9433
4 3228 3566 6168 7136
4 4322 6550 4406 7305
4 8608 7543 5310 8322
4 1851 4925 9866 9129
4 4240 1203 1671 1955
4 71 7516 1812 47
4 6935 8745 594 4940
4 7551 5625 7 9690
4 7145 4185 8116 4141
4 9795 7326 5383 1450
4 9527 1322 2456 7579
4 3437 3114 9539 8465
4 4131 5219 9 4235
4 8851 4637 3042 4167
4 9552 1094 5873 7359
4 2259 1742 2481 532
4 3142 766 5494 9525
4 1713 4655 7231 4561
4 5006 2686 727 1895
4 5652 1934 3686 8387
4 7583 8250 4475 62
4 2962 3072 6129 7088
4 4074 9917 8553 7715
4 3844 723 4102 9235
4 4657 6957 4112 2736
4 8803 9263 4374 3357
4 1050 2982 9532 954
4 4847 3196 7032 1946
4 7083 7447 2759 8767
4 2293 8332 2726 859
4 7196 7648 4320 6611
4 8736 9196 3337 7725
4 3519 1591 2652 9063
4 213 6882 8375 5163
4 7308 9946 5904 8010
4 2045 4619 2340 4402
4 6547 5777 8193 8644
4 1418 3689 2342 9106
4 1724 1568 4076 3170
4 2060 4912 6178 9966
4 850 992 4638 8626
4 5172 3672 5686 8397
4 9119 3155 4490 7451
4 2544 2749 2828 586
4 1433 9747 5931 4139
4 4995 6558 3757 8478
4 1621 9576 7494 3781
4 2642 5729 7851 2085
4 3648 9344 6534 3775
4 120 201 3542 5156
4 6038 6913 774 7643
4 8601 6571 7464 8138
4 3257 6567 4550 328
4 7148 403 7814 3593
4 2628 4244 2862 6927
4 3889 9542 8997 2323
4 7545 3475 676 3112
4 1763 3376 8233 9275
4 8186 2795 58 6134
4 2870 9559 7445 8267
4 4150 2308 2036 5081
4 9302 18 9151 2814
4 4058 6467 9713 6147
4 6537 7862 3840 5366
4 2300 4959 7316 8865
4 7079 2213 8115 8242
4 8187 9528 9900 9320
4 1383 4044 3708 2123
4 4390 3451 8616 1049
4 3869 7673 8506 6171
4 4480 7166 1839 8094
4 8259 8849 8101 3526
4 1711 9243 5845 5609
4 7703 2160 2243 8079
4 446 5096 9873 4837
4 778 1160 7944 11
4 3842 2305 9605 5324
4 1936 2313 4284 7267
4 2267 1552 8430 3126
4 3583 6050 9921 8167
4 5540 654 9514 2944
4 245 6123 1509 1136
4 333 8286 3950 1231
4 2023 6359 6777 7008
4 3913 2985 3618 4551
4 5359 7953 9289 9374
4 5136 8509 2282 8367
4 7726 2920 4498 373
4 687 6300 7522 5209
4 5854 65 7385 9942
4 8036 7466 3745 1767
4 4902 3106 6060 9784
4 6580 2535 5665 2203
4 706 2817 3253 1359
4 6842 3899 5919 9732
4 1845 8348 2674 6582
4 3632 9856 177 6989
4 6481 9722 9340 7756
4 1427 4690 4965 7026
4 7922 2994 1096 3083
4 2718 9283 3229 7050
4 5600 8026 8346 8047
4 6985 463 8563 6638
4 8701 5622 4516 8253
4 7700 8721 2941 6329
4 593 9691 9649 8834
4 3002 7212 1996 251
4 4151 780 1357 9252
4 7920 2572 6313 1085
4 9111 2619 6477 4352
4 8697 7209 1817 9778
4 745 9366 2009 6316
4 2364 9443 5962 103
4 522 4951 9751 3356
4 1336 1861 3485 8839
4 1372 2802 9779 4137
4 2571 717 2112 709
4 4582 8477 6602 9123
4 6363 4351 7629 6426
4 565 67 9124 3368
4 2647 9365 7671 5909
4 2351 8751 8811 645
4 5891 257 7119 332
4 2905 3089 3443 1340
4 6994 9154 4477 5492
4 8199 9325 2536 6
4 4259 9629 8947 5793
4 171 6415 8614 60
4 214 4134 3379 9546
4 1976 3496 7911 2162
4 7981 2095 8200 9968
4 1202 4557 1787 1717
4 1510 4293 877 5244
4 4884 5593 8003 750
4 7330 7489 5330 5149
4 9585 1701 9806 3308
4 1344 4357 6914 8163
4 3062 9363 2957 7613
4 3214 5544 6666 9974
4 5239 8923 1001 7057
4 188 1820 8658 1800
4 4867 8529 7391 321
4 8501 4222 1740 8779
4 8835 5518 4727 9511
4 9930 1351 296 5332
4 1975 2776 9550 7934
4 5236 6297 5991 2509
4 5733 6342 6956 6188
4 1505 8040 1364 9166
4 4711 1249 9545 2245
4 1564 4977 7153 7210
4 8651 8168 1965 4331
4 924 1883 8915 3750
4 2575 7439 4717 8579
4 3730 7677 9419 1522
4 4696 8431 9962 7647
4 7415 5970 4161 1747
4 3120 8990 7344 6738
4 4572 8056 7972 902
4 5529 5758 5683 7699
4 791 3473 5808 1743
4 9426 9271 6273 1200
4 3579 2043 5728 5488
4 4415 9341 5028 5131
4 8449 1714 3655 9572
4 5835 3087 6419 301
4 96 6616 7824 2265
4 767 1061 6627 1636
4 2573 7250 1673 8418
4 5074 9397 8607 3830
4 6042 55 2809 8866
4 9569 5155 8470 8487
4 264 3845 385 6742
4 631 8702 6192 7524
4 1523 3306 197 6144
4 2952 3223 2089 3978
4 5720 4870 8625 1889
4 8548 5553 3167 9626
4 773 9797 1508 6410
4 797 407 2055 8132
4 1178 3834 7436 8659
4 9566 6336 9853 4079
4 6226 4960 9048 9952
4 6309 6377 9250 8183
4 3137 1476 5864 8707
4 4367 4524 7748 3791
4 1810 1948 5375 2612
4 3905 4600 3557 3001
4 7155 4861 6058 3271
4 7567 4649 278 5610
4 730 3673 6747 8940
4 1228 6769 6384 9718
4 1998 8671 875 3870
4 2486 9689 4043 9843
4 4200 2353 9871 9265
4 283 9746 6198 1483
4 5308 3857 9507 1912
4 6028 9078 7443 3367
4 3 7253 8172 1853
4 1429 8677 2000 6662
4 3944 5476 7302 6578
4 85 4706 6483 8297
4 2912 1140 5207 1040
4 5170 7880 8204 4607
4 6010 7412 7095 4527
4 432 4532 7118 3736
4 3997 8683 8670 8453
4 263 6981 6146 9755
4 836 4469 995 7319
4 884 4179 9695 5203
4 915 6012 3028 3518
4 1587 1720 7696 8929
4 3278 3885 6110 1224
4 2927 7103 5197 1253
4 8442 7617 3561 1821
4 513 2585 634 6498
4 3022 464 9908 4307
4 3728 8964 7978 1681
4 5803 5174 3508 4038
4 5849 1037 7296 3362
4 6320 1378 9464 1708
4 6757 6444 2877 8692
4 7618 7861 8722 8895
4 4474 8750 4871 520
4 4565 4617 4786 4883
4 6370 3877 3248 8932
4 7603 9359 1073 3055
4 3037 7759 2939 1152
4 1117 1484 1923 2937
4 1526 7536 8524 7041
4 1542 8328 3375 4439
4 1684 137 4292 4975
4 5785 7870 8637 5278
4 559 5902 3853 8527
4 1116 2627 9880 7463
4 1154 5462 1571 6231
4 9599 8874 9769 4946
4 2488 6367 4521 6296
4 3892 2798 1361 3511
4 4361 8956 2592 8466
4 5823 6577 6656 1430
4 7678 1833 916 6605
4 7823 9197 9425 1712
4 1261 3544 4668 7178
4 3107 9849 172 846
4 5341 7255 6389 5998
4 5547 9907 5839 5705
4 17 56 5941 6856
4 174 2185 2600 6965
4 970 9961 9014 8516
4 2566 3769 1726 7363
4 6220 5441 208 3050
4 5378 9984 2106 6266
4 6938 5250 1570 1487
4 529 7238 4663 5446
4 760 7130 9092 8714
4 2368 9350 9450 525
4 5503 1234 145 297
4 5548 688 1601 3969
4 7215 5563 5151 2165
4 10 4604 1122 738
4 6715 7740 6540 556
4 451 4731 9168 5579
4 844 2716 9895 3746
4 1765 8363 5017 1827
4 3516 9741 3134 926
4 8931 6526 4093 7624
4 923 6205 6133 6396
4 5271 6752 3258 5118
4 5649 6364 9597 2295
4 6583 7218 9182 2407
4 912 7149 1197 3104
4 2766 3540 1589 7558
4 5325 139 7839 2007
4 7778 9161 8059 9214
4 164 1648 8161 5007
4 1963 2649 8673 6052
4 8239 4491 8081 9121
4 117 5899 6451 7518
4 2221 4230 5574 4990
4 8833 8044 8198 2309
4 2484 8824 3674 5013
4 5948 7152 5056 3691
4 211 7499 8293 7346
4 2804 9390 1010 8305
4 4627 9246 9594 6623
4 5627 2127 7278 8650
4 480 7983 6102 4126
4 628 7692 6645 2836
4 2879 7204 2848 5875
4 6149 2555 87 3029
4 642 8617 8653 5513
4 6680 9490 6721 9135
4 1015 6036 3973 2590
4 1825 9588 4859 1847
4 3276 7318 7151 1876
4 3932 6157 8609 1943
4 8247 1866 28 6215
4 9719 7752 5879 656
4 2125 3480 8606 3239
4 2811 6731 3692 9776
4 3608 2872 178 206
4 3828 5487 9580 6193
4 289 4650 9414 9276
4 597 900 9471 6152
4 1735 4671 9382 6256
4 4555 2226 5981 1620
4 7954 3677 1464 1056
4 2516 6703 5824 4170
4 9286 4522 4496 9852
4 931 6350 3092 6531
4 1159 7375 2697 5061
4 1856 1393 6443 2732
4 2538 8578 3132 6741
4 8652 6685 6206 1632
4 590 8134 8258 53
4 1311 9499 7888 1642
4 5815 8468 2999 3527
4 1819 8537 4933 8434
4 3808 3891 2428 2190
4 4573 5559 7105 4054
4 834 4792 9637 2705
4 1129 1260 1874 1205
4 5058 9238 1877 151
4 6111 7764 7734 142
4 124 3895 290 4055
4 307 1994 9241 7475
4 6984 9407 5094 2490
4 1718 9799 3573 6053
4 7875 6228 8342 7777
4 8684 4725 9748 7406
4 236 4611 4661 9165
4 589 1888 8967 4636
4 1562 7542 9530 1884
4 4997 9326 4857 9714
4 2091 4865 4442 4875
4 3980 5371 8907 4814
4 6306 7361 6155 9602
4 7413 9675 6676 253
4 7512 7610 3297 7993
4 1704 7884 5710 6932
4 5418 4692 3558 1837
4 9730 8035 2461 6651
4 4091 9864 7286 4703
4 4592 4989 8032 2241
4 4774 7219 2254 1282
4 6628 9761 5517 4066
4 540 6849 4363 2765
4 1445 6557 5794 1440
4 2020 3924 8123 3839
4 5644 2854 7733 4381
4 7659 3912 8423 2565
4 9376 5044 362 7090
4 648 7662 4926 4716
4 735 6827 4771 5671
4 5235 7074 9896 7526
4 2887 9016 4506 7003
4 3654 3945 898 5035
4 3802 7841 1595 5020
4 4187 6365 534 3498
4 6326 4904 8176 9976
4 9523 1023 4412 6380
4 2400 7594 6733 5530
4 3531 3553 6794 5916
4 4656 6366 404 1723
4 1598 4064 2806 4495
4 3567 6289 5474 7374
4 4089 9922 8241 7382
4 4410 9650 7683 5205
4 6976 358 4559 8333
4 1339 7037 9879 6490
4 1406 5898 9368 9988
4 1467 7356 1533 7768
4 2006 8597 2081 6673
4 2457 5355 1422 6528
4 3422 9453 960 6988
4 4773 6076 6436 6800
4 5389 1332 1471 9456
4 2320 3906 6361 147
4 7432 4879 622 8889
4 9220 9848 210 7914
4 2375 2783 4720 3760
4 5336 2907 8432 5178
4 8861 146 8153 5633
4 33 1584 4478 7785
4 489 8019 4639 8376
4 689 7943 9361 1609
4 6857 8648 9561 8894
4 909 5551 3718 6514
4 3323 2389 2401 4375
4 5457 5489 8715 3145
4 6778 9468 7818 4766
4 7821 4011 6585 6784
4 8938 7534 3582 8043
4 2381 1021 4452 9072
4 2462 3244 1930 1529
4 3704 7310 5086 7249
4 7419 9684 9192 3617
4 7426 9726 3914 5869
4 9043 7592 6016 737
4 2398 9703 396 7013
4 2874 3595 6208 3559
4 5856 7175 2260 39
4 7230 3882 3983 6870
4 7530 8845 8425 5467
4 8150 6340 8679 3299
4 8898 8954 8682 1922
4 8823 9631 3352 5461
4 150 4953 7990 8299
4 1512 3153 7770 5920
4 2129 5085 5832 5776
4 4026 3966 7917 3749
4 4057 1886 7966 7480
4 5901 5380 7454 3371
4 198 8325 4202 4907
4 635 5255 7116 9122
4 835 2191 9971 6202
4 1952 8746 9143 7220
4 5865 8712 6466 804
4 9222 5522 2134 1507
4 1090 7010 359 5556
4 3985 32 4823 4704
4 4467 512 9667 3188
4 6834 9429 9734 5615
4 947 9549 6649 7689
4 3075 5531 8519 45
4 3339 7596 7876 9868
4 5724 3136 2924 9062
4 7956 9802 8238 5584
4 9221 9183 2707 1822
4 711 9606 3564 149
4 3129 9091 4016 4124
4 6724 6700 2277 8276
4 9828 5756 8196 7970
4 678 3811 6184 6873
4 1347 6421 7221 6574
4 1761 4640 2343 2148
4 3011 4208 1100 6243
4 3428 7809 3322 6811
4 4887 5896 0 6203
4 5908 300 3991 3641
4 170 5451 313 1256
4 2167 7964 6264 6637
4 6705 7731 6160 2024
4 7186 4514 6659 9978
4 9173 2467 3694 8263
4 849 5047 6553 2198
4 1382 6446 3020 9987
4 4465 6248 9096 9752
4 5566 8632 5939 2983
4 471 3121 5164 5166
4 611 2495 7425 8517
4 2278 5954 3724 5362
4 8264 8562 2672 8027
4 9459 9996 9891 9299
4 9573 7975 5277 9210
4 1047 1908 1411 4335
4 4708 8908 6596 6522
4 4949 1181 9836 6942
4 6681 7424 7984 6726
4 6903 1199 3681 5813
4 8752 8133 8801 5947
4 1044 1157 9583 1179
4 1174 5657 5721 8711
4 4659 6015 3818 433
4 7386 1569 3203 2367
4 2875 4215 6648 7384
4 4340 3412 708 5763
4 4992 9038 9633 1593
4 5040 9328 5449 5240
4 5860 5836 6112 9721
4 9068 3226 3127 4456
4 541 8210 6017 7727
4 1106 7521 4790 6351
4 2337 4511 3517 562
4 2062 3894 5536 355
4 5173 514 4286 6022
4 6719 2506 4958 8413
4 7509 4419 1840 2296
4 8143 8222 2702 8696
4 825 6478 9486 3031
4 1381 6246 8160 8810
4 1616 8863 6713 4052
4 1668 8828 7500 8919
4 3563 968 7555 608
4 204 2025 8202 9995
4 2601 6492 5157 7633
4 4206 8864 3330 4943
4 5496 5730 465 1768
4 8667 8336 2954 3235
4 889 1400 3004 7751
4 1751 9920 5198 8139
3 2120 6280 3596
3 3105 6864 2033
3 4359 6275 4742
3 7877 6960 430
3 70 5872 1535
3 1012 2159 9935
3 1409 4801 9198
3 2329 8977 9028
3 2437 9269 5751
3 4092 8006 955
3 4188 8031 234
3 6051 5368 131
3 8876 8089 6263
3 240 3972 1750
3 530 1321 4858
3 919 3809 1640
3 1843 7729 3657
3 2578 4228 8137
3 9418 9187 9332
3 270 3311 3926
3 431 1062 9538
3 456 7924 9716
3 2746 4000 6964
3 5082 9519 3939
3 5606 7995 6008
3 6576 7614 8454
3 7397 6097 2661
3 8215 2786 9600
3 9768 9086 372
3 97 6698 9767
3 500 1939 1036
3 620 5208 9699
3 978 9431 885
3 1330 5986 9656
3 2193 2604 6761
3 2762 9584 8447
3 2949 9201 7170
3 4046 6003 1980
3 9446 8401 2694
3 136 4534 9944
3 439 7663 4942
3 673 4301 6824
3 1259 8180 6890
3 1744 2632 9398
3 2072 6161 5191
3 2977 7407 6835
3 3956 2514 8822
3 4796 7457 2074
3 1475 5482 9413
3 1519 3212 4798
3 1796 2772 2102
3 2713 8435 3590
3 4221 8568 9855
3 5245 1961 1649
3 6565 7991 2595
3 6844 3370 3344
3 24 9075 183
3 956 8326 8383
3 1318 4104 4783
3 2399 8037 8252
3 3280 8859 6809
3 6137 6352 6121
3 37 86 5994
3 1279 4238 5732
3 1694 3793 5752
3 2207 6302 4777
3 3060 6463 1538
3 4387 4635 5666
3 4502 6887 3364
3 6197 7800 6450
3 7674 3822 3543
3 7881 9083 2891
3 7895 4839 2953
3 457 4358 458
3 1546 1983 6972
3 2297 7724 7362
3 2881 4595 4248
3 7461 7554 7812
3 7471 5168 8093
3 7586 9009 7320
3 9036 8314 6963
3 487 8900 9137
3 602 9094 6506
3 756 7410 8486
3 1755 8815 9035
3 4400 6959 4339
3 5897 8353 3875
3 7357 9047 4434
3 335 2149 462
3 2144 3141 4596
3 2210 3052 1371
3 2596 2608 221
3 2903 6915 8766
3 3951 7094 9215
3 4116 7206 9564
3 4399 4504 2892
3 5024 6311 6332
3 6471 6925 9838
3 7387 2610 3651
3 8930 9114 4736
3 392 3347 6353
3 801 9659 5181
3 1536 5628 5066
3 2028 9578 3021
3 2741 7850 6127
3 2785 7889 6175
3 2956 4069 40
3 1161 2859 3887
3 1678 5233 9993
3 1688 3789 6448
3 2837 2412 8022
3 4994 4877 802
3 6818 7078 9651
3 7602 842 9709
3 31 2059 840
3 168 6148 8663
3 725 4982 1009
3 1453 8028 6328
3 2469 8438 7959
3 6232 9820 511
3 502 2307 7632
3 739 9394 5959
3 1426 4097 1220
3 1778 6229 9678
3 2683 5106 613
3 2685 3841 4689
3 4291 9015 615
3 4688 5125 7742
3 6944 9540 9223
3 7557 8543 6473
3 7694 9595 8737
3 7859 8576 7395
3 78 3012 9489
3 152 639 6725
3 325 644 8804
3 343 1043 5422
3 393 2169 2950
3 402 4488 5817
3 1959 4567 2388
3 2101 4549 5128
3 3318 8426 1869
3 6699 5882 5719
3 7960 9227 8950
3 229 7423 2472
3 4787 5631 7803
3 5558 7971 3743
3 34 68 4855
3 793 5676 1377
3 848 5190 8097
3 4031 9957 726
3 4099 6952 6746
3 6034 8256 467
3 8643 3555 6225
3 953 1979 3123
3 1080 4826 9892
3 1165 1807 4969
3 2242 7314 3903
3 3679 6315 7994
3 4880 7581 5850
3 7532 6005 5881
3 7631 7132 413
3 7697 3515 3509
3 8903 1270 640
3 13 252 477
3 20 579 1892
3 305 3698 2669
3 1167 9887 3396
3 4723 8398 6452
3 5443 8571 7176
3 5731 4298 4173
3 7430 9475 6357
3 76 4047 4267
3 153 1502 2137
3 860 4811 6563
3 1590 6922 5863
3 2002 7666 2164
3 2215 2304 6189
3 5212 8629 5950
3 5951 9280 3581
3 9274 7826 7713
3 57 3621 6046
3 346 6291 193
3 740 2929 9337
3 3665 4078 6095
3 4451 4750 9065
3 6479 7496 5161
3 6674 5829 7036
3 293 649 4245
3 395 2527 5146
3 414 3233 7906
3 1369 1549 2358
3 1586 3246 4246
3 1953 2232 6104
3 2019 2432 2799
3 2629 4155 8212
3 2898 4279 3761
3 4554 4679 6740
3 4922 9524 949
3 7951 7804 5346
3 83 937 8821
3 1276 3449 9526
3 1416 6544 868
3 3146 7024 9830
3 3902 5026 2531
3 4249 7194 554
3 4662 8986 4311
3 6210 9234 3482
3 7252 9313 6244
3 7565 8456 9157
3 8206 2634 5200
3 568 1084 9105
3 1194 1650 3261
3 1286 1504 8229
3 2533 2824 5895
3 2751 7813 6270
3 3161 4030 7963
3 3504 3838 6664
3 4314 8675 9496
3 4747 7197 6258
3 16 1793 4767
3 23 2529 7653
3 444 2668 4653
3 1516 4537 4856
3 3263 3748 4176
3 3431 3773 1527
3 3806 5714 9635
3 5387 9458 8440
3 6630 5672 7743
3 7236 9333 1532
3 8498 1118 9810
3 9294 9488 2047
3 9543 9692 6294
3 982 1032 7559
3 1031 4328 4841
3 1250 3174 6612
3 1514 2303 8201
3 3332 5401 8277
3 3911 4501 4578
3 3930 7018 6828
3 4398 7490 6920
3 8965 4623 1891
3 675 3316 9680
3 1201 1986 7150
3 1296 6245 9551
3 1452 2442 6510
3 4001 8355 9251
3 4892 6744 6693
3 4914 9958 4713
3 5237 8952 6494
3 8642 9085 6822
3 499 2143 8729
3 1027 3824 3880
3 1606 2264 6852
3 1618 2422 3513
3 2671 5199 6093
3 2712 3125 8727
3 4935 5175 4605
3 5059 5373 5043
3 5834 5980 5641
3 6430 6569 4144
3 6962 8179 8918
3 8289 9260 4775
3 8654 4447 3099
3 9711 9149 9858
3 225 459 115
3 365 858 4164
3 3407 7622 7828
3 3747 7761 9181
3 4898 8808 7957
3 5769 2328 8067
3 8177 8981 7237
3 9002 9022 8235
3 30 4095 9655
3 3147 4407 8593
3 3570 5400 9611
3 5097 9272 185
3 6604 7418 4562
3 8897 9624 8382
3 123 3274 8567
3 1058 1951 7600
3 1806 3547 7849
3 1898 2335 9985
3 2402 8756 8108
3 6118 6846 7048
3 6130 8978 6851
3 6600 7190 5471
3 94 1669 7273
3 576 1110 7721
3 1132 6766 8388
3 1865 2235 6590
3 1978 4482 8340
3 2570 2946 6669
3 3355 4156 6126
3 4558 8472 7085
3 5098 5831 9073
3 6002 6323 6727
3 6398 8393 6993
3 1639 2046 2205
3 2220 2466 7127
3 2240 4840 9745
3 4197 5077 5442
3 4325 4546 6090
3 4694 6472 7616
3 6078 7315 7868
3 6899 7899 6223
3 7247 7665 5505
3 8753 8806 8372
3 9771 9859 6304
3 9927 7634 3506
3 473 1288 5019
3 896 1754 3587
3 1835 3883 8129
3 2333 2591 4564
3 2582 5944 6711
3 3078 4804 2216
3 3615 7329 8734
3 4489 7693 9877
3 5041 6524 9613
3 5812 1774 1271
3 7805 7460 2294
3 8572 8640 2911
3 9338 516 9603
3 160 2105 7815
3 899 1848 9013
3 1266 5323 6739
3 6774 7275 6356
3 22 101 1137
3 143 1849 3933
3 419 1313 7123
3 1192 3324 5800
3 1212 3878 4308
3 2234 2549 2730
3 3265 3884 6560
3 3664 5621 6803
3 4172 5189 5613
3 5140 6990 8573
3 5460 6697 2136
3 5702 9948 7491
3 6671 7121 3281
3 9003 8021 2754
3 1086 4746 8996
3 1653 2237 6064
3 2199 9679 6581
3 3038 4312 8994
3 3439 9261 2781
3 5276 9029 3849
3 9134 9744 6414
3 417 558 2453
3 753 7686 5903
3 906 1699 1480
3 2390 4255 5134
3 2793 3402 5171
3 3097 3578 6831
3 4217 7931 5234
3 5268 9844 6035
3 5397 9194 4599
3 6063 8773 5523
3 381 1127 1488
3 550 2016 4136
3 796 1170 5253
3 1461 3873 4918
3 1656 2268 4196
3 2289 2417 3782
3 2852 5426 8084
3 4394 4818 9901
3 5598 6023 6520
3 6595 6636 7786
3 7510 8716 8759
3 8411 9759 2775
3 9008 8793 8789
3 9230 6132 6096
3 159 828 2621
3 219 2406 2444
3 472 1624 3888
3 1093 3817 8316
3 1172 4678 7117
3 1783 2951 8464
3 3131 3381 5246
3 3491 4630 7903
3 4613 6261 7400
3 7233 8633 7309
3 8049 8166 5770
3 133 1404 2731
3 217 1627 1814
3 279 1665 3312
3 845 893 2068
3 1867 1985 2334
3 3262 3300 4094
3 3334 3442 5966
3 3783 4910 6432
3 3965 7788 8618
3 5736 8539 3401
3 6227 6953 9535
3 6373 5972 5577
3 6517 6529 9534
3 7684 9575 7501
3 8987 6180 5917
3 218 1208 2281
3 610 1781 2750
3 1221 3584 8665
3 1801 2065 7898
3 1836 2711 4193
3 2554 2987 9200
3 3721 4088 4932
3 3744 5391 8165
3 4479 4487 5313
3 5398 7969 6812
3 5586 9502 7980
3 7925 7675 3539
3 401 1899 5132
3 651 669 7388
3 990 5064 5370
3 1184 3445 9770
3 1646 1904 5104
3 2722 3927 4894
3 3862 6417 7672
3 6586 9754 5481
3 7110 9660 7065
3 7371 9846 3124
3 89 545 3085
3 934 1638 3216
3 1292 3947 7502
3 1716 2464 8015
3 2184 2326 8842
3 2376 2947 4428
3 3076 3411 5594
3 3929 4529 8268
3 4538 4544 9882
3 4981 7289 8694
3 5599 9356 5511
3 7695 9209 8525
3 8638 8934 4628
3 9941 9156 1299
3 144 249 827
3 163 292 1130
3 757 1935 3521
3 771 977 6770
3 1683 1928 4669
3 2087 2173 2560
3 3017 3807 5345
3 3424 6259 7744
3 6405 7907 9670
3 7043 7177 3115
3 7664 7902 8584
3 207 930 8273
3 304 1469 5122
3 894 1120 1870
3 1138 2022 4833
3 2050 2480 6805
3 2057 2567 3580
3 2463 2835 4163
3 2990 6973 7553
3 6068 6409 6958
3 6307 6497 9785
3 7096 8776 7014
3 7608 9140 3941
3 8732 9089 5804
3 157 241 4553
3 199 1209 9225
3 288 4842 6331
3 316 4882 7640
3 618 691 1331
3 2011 5429 7223
3 3313 3610 4646
3 4149 7274 9491
3 7134 7962 9179
3 8709 8298 7878
3 8853 9860 8409
3 287 643 2227
3 356 3353 6425
3 728 865 3893
3 2179 2564 7642
3 3178 4948 5514
3 3186 3541 4337
3 4392 5192 6897
3 5725 6301 8534
3 6541 7163 9647
3 7216 8068 7229
3 7544 8886 6513
3 8502 9152 9863
3 108 616 1971
3 819 862 1574
3 1227 4789 5060
3 1277 1652 5718
3 1841 4468 5254
3 1958 2418 4355
3 2288 2805 5329
3 3006 4226 4714
3 3753 5182 6904
3 5206 5663 9172
3 5550 7019 7795
3 5578 6213 9885
3 6387 8870 9617
3 7298 7546 6087
3 8645 9100 8740
3 9367 9710 8310
3 9406 8141 6796
3 186 733 2563
3 425 784 867
3 1495 2163 2239
3 1809 2841 3425
3 3438 3798 5424
3 3536 4508 9158
3 4143 4634 5658
3 4598 5534 5848
3 5612 5825 9553
3 5741 8941 9590
3 5952 7087 4693
3 6629 7948 9329
3 6814 9423 8564
3 9232 9870 5771
3 226 769 3208
3 347 348 5958
3 378 1479 2344
3 800 1376 1563
3 1615 1661 2318
3 1700 2201 3209
3 2435 2689 4791
3 2577 3712 5510
3 3812 5611 9862
3 5573 6484 9570
3 6620 9582 9346
3 7091 7349 9876
3 7556 8771 8103
3 128 189 719
3 383 1685 4906
3 789 4518 7799
3 1099 4726 6748
3 1403 2152 4290
3 3917 7365 7441
3 4403 7434 8064
3 4986 7333 8309
3 6125 8321 7946
3 6253 9314 9819
3 9555 9205 8493
3 349 415 7060
3 441 1494 1788
3 633 2470 4939
3 958 1196 4211
2 1131 1235
2 1909 2451
2 1949 5183
2 2012 5316
2 2586 6701
2 3213 5294
2 4709 5409
2 6692 6917
2 7140 8086
2 7459 7541
2 7580 7758
2 7835 9737
2 8347 8960
2 9954 8686
2 203 291
2 361 703
2 831 863
2 1119 1180
2 1188 1230
2 1284 1679
2 1799 2356
2 1868 2878
2 1993 2382
2 2550 3327
2 3784 3859
2 3860 4996
2 3949 5148
2 5343 5379
2 6279 6456
2 6457 8080
2 8282 8412
2 8379 9999
2 9323 8406
2 4 280
2 388 405
2 509 693
2 782 1323
2 935 1335
2 1105 2384
2 1611 2035
2 1732 1818
2 2483 5694
2 2498 4621
2 3247 3821
2 5410 6843
2 5779 7507
2 7479 7669
2 7807 7965
2 8726 9372
2 8875 9663
2 200 227
2 258 1111
2 268 2324
2 922 1046
2 1074 2579
2 1133 2378
2 1135 2789
2 3394 4254
2 3787 4330
2 4344 4632
2 4633 4664
2 4675 4950
2 4734 5699
2 5051 5833
2 6085 6407
2 6233 7307
2 7251 8970
2 7753 8784
2 8410 8985
2 8955 9102
2 9807 9742
2 318 811
2 376 1029
2 662 1553
2 983 2405
2 1987 2086
2 2311 2373
2 2386 2541
2 2942 3292
2 3386 3639
2 3389 3922
2 4107 4461
2 4979 5977
2 5356 6500
2 5844 6635
2 6983 8523
2 7667 8461
2 7791 8791
2 9604 9632
2 9636 9717
2 9701 9724
2 173 342
2 491 741
2 794 2030
2 2410 2508
2 2676 2715
2 3199 3385
2 3827 4425
2 4371 7322
2 5005 5177
2 5327 6158
2 6371 6434
2 7092 7399
2 8164 8602
2 8374 8491
2 8731 9162
2 9148 9186
2 9533 9557
2 9644 9342
2 409 621
2 872 1918
2 1534 2883
2 1992 3008
2 2825 3819
2 3756 4220
2 3866 4810
2 4273 4369
2 5187 5266
2 5413 6420
2 5885 6242
2 6254 6647
2 7340 7820
2 7627 7706
2 7992 8136
2 8725 8872
2 9773 9977
2 69 917
2 148 821
2 195 1206
2 984 1063
2 1045 1329
2 1415 1439
2 1554 1705
2 1897 1969
2 2747 3225
2 2934 3794
2 3267 3799
2 3935 4323
2 4435 4651
2 4978 5210
2 5073 5643
2 5399 6678
2 5957 7069
2 7228 7636
2 7712 7832
2 8857 9609
2 9282 9963
2 312 605
2 435 508
2 437 652
2 483 1610
2 901 2427
2 1731 2172
2 2166 3144
2 2503 3058
2 2803 2873
2 2884 3227
2 3466 4535
2 3474 4237
2 3620 4260
2 4032 4103
2 4214 4356
2 4807 5045
2 5167 5265
2 5361 5883
2 5470 7165
2 5840 5853
2 5979 6234
2 6174 6499
2 6480 7033
2 7093 7243
2 7264 7393
2 7276 7736
2 7408 7938
2 7547 9822
2 8613 8728
2 8758 8879
2 9159 9327
2 9362 9787
2 179 194
2 987 1654
2 1305 2996
2 2330 2500
2 2425 3636
2 4224 5350
2 4372 4758
2 4822 4860
2 5340 5745
2 5508 6077
2 6654 6841
2 6675 6901
2 7097 7172
2 7416 7588
2 7793 8142
2 7915 8395
2 8507 8535
2 8570 8778
2 8770 9070
2 8780 9011
2 9775 9415
2 111 192
2 118 184
2 209 2170
2 303 1142
2 596 2769
2 2206 3476
2 2556 3082
2 3530 3879
2 3984 4732
2 4577 6853
2 4890 4891
2 4972 6187
2 7059 7639
2 7427 7789
2 8117 8144
2 8311 8786
2 8877 9380
2 9749 9571
2 478 482
2 729 1614
2 1728 3777
2 1831 2520
2 3044 3189
2 4175 5107
2 4285 4376
2 5067 7086
2 5279 5557
2 6128 6141
2 7098 7561
2 7578 7856
2 7883 8114
2 7942 8038
2 8224 8405
2 8361 8417
2 8961 9264
2 8975 8272
2 9218 9931
2 9421 9556
2 121 274
2 230 908
2 1485 1695
2 1517 2512
2 1972 2771
2 2485 2808
2 2812 4523
2 2974 3716
2 3493 3717
2 3727 4952
2 4724 5747
2 5696 6614
2 5906 5993
2 5983 6902
2 6156 6308
2 6411 7075
2 7590 7741
2 8061 8244
2 8135 9793
2 9436 8075
2 156 1350
2 781 1496
2 1625 3685
2 2039 2098
2 4232 4470
2 4699 4899
2 5483 6177
2 5504 6682
2 6559 7077
2 6720 6833
2 6937 7045
2 7187 7483
2 7606 7847
2 8002 8462
2 8009 9736
2 8530 9031
2 61 256
2 311 424
2 507 574
2 833 1226
2 1177 1749
2 1283 1937
2 2110 2272
2 2271 2827
2 2532 2602
2 3635 4098
2 4063 4845
2 4333 5304
2 5213 5533
2 5617 5727
2 5870 6428
2 6265 6429
2 6545 7017
2 6607 7730
2 7864 8045
2 8011 8110
2 8220 8542
2 8500 8561
2 8698 8797
2 8880 9498
2 9126 9357
2 81 428
2 682 866
2 795 1006
2 1171 1326
2 1501 1513
2 1634 1753
2 1696 1917
2 1804 1984
2 2231 2298
2 2447 3023
2 2657 4297
2 3053 3059
2 3108 3690
2 3307 4427
2 4440 5158
2 4588 4876
2 4913 5023
2 4966 4980
2 5260 5262
2 5377 5382
2 5783 5938
2 6026 7248
2 6971 7404
2 7068 8494
2 7337 7533
2 7550 8556
2 8159 8635
2 8868 9301
2 9457 9932
2 9686 9521
2 406 538
2 803 903
2 959 1166
2 1622 1789
2 1703 3268
2 2252 3993
2 3469 5480
2 4262 4305
2 5008 5754
2 5907 6551
2 6075 6293
2 6539 6998
2 7022 7138
2 7030 7292
2 7139 7367
2 7682 7711
2 7830 7833
2 7929 8190
2 8441 8473
2 8850 8924
2 9007 9296
2 9910 8592
2 182 1307
2 1275 1762
2 1932 2357
2 2310 2393
2 2583 2673
2 2900 3361
2 3205 3266
2 3534 3846
2 4591 5632
2 4770 5472
2 5585 5910
2 6021 6237
2 6098 6412
2 6257 8555
2 6617 7453
2 7067 7584
2 7514 8968
2 9823 9577
2 603 668
2 658 1149
2 1191 2645
2 1824 2138
2 3154 3416
2 3286 3854
2 3705 4060
2 3963 4019
2 4048 4453
2 4283 4830
2 4793 4893
2 4843 5693
2 4851 5010
2 4923 5281
2 5900 5926
2 6393 6519
2 6533 6799
2 6848 7102
2 6859 7281
2 7129 7688
2 7523 9042
2 9044 9698
2 9548 9914
2 25 224
2 275 341
2 452 698
2 921 1190
2 1612 1770
2 1878 2664
2 2026 2385
2 2546 3169
2 2899 3382
2 2928 2961
2 3591 3994
2 3611 3803
2 3810 4236
2 4571 4911
2 5100 5430
2 5640 6040
2 6222 6643
2 6454 6961
2 7000 8001
2 7071 7574
2 7658 9297
2 7985 8085
2 8541 9972
2 9189 9411
2 9311 9554
2 9861 9270
2 27 238
2 54 746
2 319 468
2 526 582
2 659 886
2 972 1775
2 1302 2153
2 2280 2656
2 2662 2709
2 3454 3523
2 3619 3719
2 3696 4009
2 3990 4691
2 5538 5838
2 5809 5828
2 6031 6119
2 6185 6195
2 6290 6334
2 6509 6592
2 6862 6923
2 7782 7852
2 7890 8231
2 8000 8554
2 8334 9146
2 9059 9101
2 9204 9229
2 180 999
2 412 1134
2 1316 1777
2 1667 1873
2 2038 2980
2 2525 3156
2 3413 3754
2 4209 4821
2 4525 5386
2 5549 5635
2 6199 6516
2 6283 6391
2 6491 6772
2 6850 7504
2 7011 8109
2 7261 7488
2 8034 9024
2 8118 9825
2 9720 9400
2 9933 9336
2 379 573
2 422 1087
2 1237 1725
2 1308 2010
2 1880 2154
2 2758 3645
2 3383 3843
2 4034 4252
2 4132 4520
2 4174 4556
2 4581 4987
2 4705 5257
2 5014 5227
2 5697 5778
2 5859 6163
2 5949 6792
2 7222 8098
2 8318 8546
2 8344 8508
2 8757 9929
2 9150 9833
2 154 533
2 360 583
2 911 1290
2 986 1374
2 1401 1664
2 1915 1964
2 2431 2733
2 2706 2858
2 3201 3628
2 3340 3643
2 3546 4062
2 3788 4438
2 4976 5049
2 5029 5108
2 5153 5342
2 5406 5466
2 5527 5539
2 5619 5820
2 6631 7005
