1643
0
1
cd-a 1
1
2
dab-b 1
ehb-b 1
2
6
bi-c 1
di-c 1
bih-c 1
dgc-c 1
fcd-c 2
dgj-c 1
3
6
cd-d 1
bjg-d 1
cbd-d 1
hcj-d 1
ii-d 1
bcb-d 1
4
3
d-e 1
cba-e 1
hic-e 3
5
7
e-f 1
bc-f 1
ff-f 1
bda-f 1
jcc-f 1
jbb-f 1
bdjf-f 1
6
6
bfg-g 1
ehc-g 1
iee-g 1
eie-g 1
gic-g 1
bedj-g 1
7
1
bfa-h 1
8
3
geg-i 2
gie-i 1
bahi-i 1
9
4
bi-j 1
ce-j 1
heg-j 1
fbj-j 3
10
2
bdi-ba 1
dhf-ba 1
11
8
bae-bb 1
gc-bb 1
bcb-bb 1
bee-bb 1
cd-bb 1
bcea-bb 1
bcef-bb 1
bgf-bb 1
12
6
ddf-bc 1
ccj-bc 1
dgf-bc 1
baid-bc 1
hbf-bc 1
daa-bc 1
13
3
cch-bd 1
cjb-bd 1
bejh-bd 1
14
4
fec-be 1
bbbj-be 1
babg-be 1
beai-be 2
15
2
hi-bf 1
dh-bf 1
16
7
bi-bg 1
jf-bg 1
iag-bg 1
fib-bg 1
gge-bg 1
bdii-bg 1
baae-bg 1
17
3
hjd-bh 1
ihi-bh 1
bgeh-bh 1
18
5
bc-bi 1
feh-bi 1
hej-bi 1
fic-bi 4
babg-bi 3
19
8
bc-bj 1
ch-bj 1
dg-bj 1
db-bj 1
dhf-bj 1
cii-bj 1
hcj-bj 1
bdbf-bj 1
20
4
cd-ca 1
bai-ca 1
dfg-ca 1
gjh-ca 1
21
3
dcc-cb 1
did-cb 1
edb-cb 1
22
4
ff-cc 1
dgf-cc 1
jgi-cc 1
badc-cc 1
23
6
bhd-cd 1
fae-cd 1
dbg-cd 2
gfa-cd 1
ffb-cd 1
bcaj-cd 1
24
4
bi-ce 1
ef-ce 1
jgf-ce 1
jag-ce 1
25
5
cc-cf 1
fhg-cf 1
bbci-cf 1
def-cf 1
eac-cf 2
26
7
ca-cg 1
eh-cg 1
chb-cg 1
deg-cg 1
deb-cg 1
bd-cg 1
hhc-cg 1
27
6
cd-ch 1
bjd-ch 1
dji-ch 1
ddb-ch 1
hch-ch 1
jgg-ch 1
28
5
hif-ci 1
gbg-ci 1
befi-ci 1
hfh-ci 1
bffg-ci 2
29
3
egd-cj 1
fbi-cj 1
bfgd-cj 1
30
8
ea-da 1
bhd-da 1
eej-da 1
bdf-da 1
gda-da 1
fai-da 1
bcei-da 1
beib-da 1
31
7
bc-db 1
cd-db 1
gi-db 1
bgj-db 1
cbh-db 1
cfj-db 1
bbde-db 1
32
6
ecg-dc 1
iag-dc 1
jbf-dc 1
iej-dc 6
ifh-dc 1
bbgj-dc 1
33
3
fc-dd 1
dfg-dd 1
babg-dd 1
34
4
di-de 1
bhe-de 1
ghj-de 1
eih-de 1
35
5
gc-df 1
igi-df 1
iei-df 1
ibf-df 1
bfgb-df 2
36
8
cee-dg 1
bed-dg 1
hah-dg 1
bdfc-dg 1
bcag-dg 1
bebe-dg 1
bgfe-dg 1
bcii-dg 1
37
5
dc-dh 1
db-dh 1
hha-dh 2
gcd-dh 1
bagf-dh 4
38
1
haf-di 9
39
3
cbh-dj 1
ef-dj 1
gdb-dj 1
40
6
dbb-ea 1
cgg-ea 1
jjh-ea 1
jff-ea 1
fda-ea 1
eee-ea 1
41
3
hac-eb 1
cdi-eb 1
bbfc-eb 2
42
5
fi-ec 1
fc-ec 1
ege-ec 1
ci-ec 1
cdc-ec 1
43
5
eb-ed 1
ech-ed 1
edf-ed 1
bcia-ed 1
bfdc-ed 1
44
3
ejg-ee 1
cfb-ee 1
bacc-ee 1
45
7
bgd-ef 1
bgb-ef 1
cij-ef 1
egh-ef 1
ige-ef 1
cih-ef 1
beeh-ef 1
46
5
bcd-eg 1
bdj-eg 1
cbg-eg 1
ffd-eg 1
ggg-eg 2
47
5
bjb-eh 1
fdd-eh 1
bbfg-eh 1
gdh-eh 1
bbei-eh 1
48
6
bb-ei 1
cbh-ei 1
dff-ei 1
bbje-ei 1
jfj-ei 1
bcjf-ei 1
49
3
cd-ej 1
jia-ej 1
baig-ej 1
50
6
bcb-fa 1
hg-fa 1
bc-fa 1
bhg-fa 1
jji-fa 1
dhe-fa 1
51
3
bdc-fb 1
dfa-fb 1
bcch-fb 1
52
5
jb-fc 1
bcj-fc 1
eab-fc 1
fif-fc 1
bfch-fc 2
53
4
je-fd 1
dd-fd 1
daf-fd 1
dhe-fd 1
54
1
jic-fe 1
55
7
ic-ff 1
bdf-ff 1
dbd-ff 1
bed-ff 1
cje-ff 1
bdcg-ff 1
gb-ff 1
56
1
bfaf-fg 1
57
7
d-fh 1
bdb-fh 1
ccb-fh 1
jh-fh 1
jie-fh 1
jjd-fh 1
bejb-fh 1
58
3
fg-fi 1
hee-fi 1
bfdg-fi 1
59
7
ff-fj 1
bea-fj 1
dbg-fj 1
ddg-fj 1
hfh-fj 1
ifd-fj 1
bcha-fj 1
60
6
cg-ga 1
cih-ga 1
dac-ga 1
eah-ga 1
bi-ga 1
fga-ga 2
61
2
bbeb-gb 1
bbjc-gb 1
62
6
e-gc 1
j-gc 1
bga-gc 1
gge-gc 3
bdfa-gc 2
eie-gc 1
63
8
dbf-gd 1
cfj-gd 1
dai-gd 1
icd-gd 1
je-gd 1
daj-gd 1
gfb-gd 1
bfgc-gd 1
64
2
g-ge 1
dfi-ge 1
65
1
cgh-gf 1
66
5
jdj-gg 1
cdh-gg 3
idf-gg 1
bfjf-gg 4
jhg-gg 1
67
3
bh-gh 1
jci-gh 1
bddh-gh 1
68
3
cbe-gi 1
bcff-gi 2
ch-gi 1
69
3
edh-gj 1
gjj-gj 1
baad-gj 1
70
3
bda-ha 1
db-ha 1
ecc-ha 1
71
2
efh-hb 1
iaa-hb 1
72
4
gg-hc 1
cif-hc 1
dbf-hc 1
ejc-hc 1
74
7
bcd-he 1
bgi-he 1
gij-he 1
gig-he 1
bcjc-he 1
hc-he 1
bebb-he 1
75
4
da-hf 1
dah-hf 1
hie-hf 1
bdbc-hf 1
76
4
dfj-hg 1
bja-hg 1
gbd-hg 1
cgj-hg 1
77
7
bdh-hh 1
caa-hh 1
cae-hh 1
bjb-hh 1
jae-hh 1
gcj-hh 1
beic-hh 1
78
5
fa-hi 1
bac-hi 1
ihf-hi 1
iba-hi 3
baec-hi 3
79
3
di-hj 1
jfc-hj 3
gfg-hj 1
80
4
di-ia 1
ccc-ia 1
bdjd-ia 1
bfeh-ia 1
81
4
gia-ib 1
ghd-ib 1
dea-ib 1
dad-ib 1
82
3
cgi-ic 1
fdf-ic 1
bedh-ic 1
83
4
ej-id 1
ebd-id 1
gbg-id 1
eab-id 3
84
5
bjd-ie 1
dej-ie 1
haj-ie 1
fbb-ie 1
eeh-ie 1
85
3
di-if 1
bfce-if 1
bcge-if 1
86
2
egf-ig 1
baif-ig 1
87
3
bba-ih 1
cgh-ih 1
bcfj-ih 1
88
6
chf-ii 2
eig-ii 1
bacd-ii 1
bacj-ii 1
bgfi-ii 1
dgc-ii 1
89
4
dbi-ij 1
fbc-ij 1
bcd-ij 1
ife-ij 1
90
3
bei-ja 1
fef-ja 1
hij-ja 1
91
4
jc-jb 1
bhe-jb 1
bc-jb 1
ehi-jb 1
92
6
hj-jc 1
gbe-jc 1
gii-jc 1
fci-jc 1
bbjg-jc 5
babi-jc 6
93
2
cae-jd 1
fhj-jd 1
94
6
bbi-je 1
bi-je 1
fcf-je 1
bfc-je 1
gdf-je 1
bfgb-je 1
95
3
dfc-jf 1
iae-jf 1
gbd-jf 1
96
3
ec-jg 1
beb-jg 1
daf-jg 5
97
6
ei-jh 1
ecj-jh 1
bcbf-jh 1
dai-jh 1
hib-jh 1
bbfg-jh 7
98
5
gbe-ji 1
idd-ji 1
bccj-ji 1
bdjh-ji 1
beaa-ji 1
99
3
dej-jj 1
bcee-jj 1
fgf-jj 1
100
5
bfg-baa 1
dfi-baa 1
fhg-baa 1
efg-baa 1
dig-baa 1
101
4
chf-bab 1
ede-bab 1
jhg-bab 1
eic-bab 1
102
5
hj-bac 1
da-bac 1
hfi-bac 1
gja-bac 1
bfe-bac 1
103
3
bfi-bad 1
bha-bad 1
jid-bad 1
104
4
cd-bae 1
bdga-bae 1
dgj-bae 1
ceg-bae 1
105
5
cgb-baf 1
cbg-baf 1
bcb-baf 1
cj-baf 1
bdbh-baf 1
106
7
bcc-bag 1
dad-bag 1
ede-bag 1
fic-bag 1
bbfi-bag 1
baab-bag 1
bfce-bag 1
107
6
deg-bah 1
ddf-bah 1
bbcc-bah 1
ifd-bah 1
gjh-bah 2
hbf-bah 1
108
2
bda-bai 1
cfj-bai 1
109
6
db-baj 1
bda-baj 1
ddb-baj 1
chf-baj 1
eg-baj 1
cjg-baj 1
110
5
hi-bba 1
je-bba 1
dic-bba 1
gdc-bba 1
fbe-bba 1
111
4
bdh-bbb 1
edb-bbb 1
fdh-bbb 1
d-bbb 1
112
5
dbb-bbc 1
jje-bbc 1
gbg-bbc 1
chf-bbc 4
dgb-bbc 1
113
2
bja-bbd 1
gca-bbd 1
114
3
cie-bbe 1
ehd-bbe 1
cb-bbe 1
115
5
fj-bbf 1
bej-bbf 1
dfc-bbf 1
bage-bbf 2
bei-bbf 2
116
6
cbd-bbg 1
bbbj-bbg 1
gdc-bbg 1
eba-bbg 1
iff-bbg 1
eg-bbg 1
117
3
ehi-bbh 1
gjh-bbh 1
bacc-bbh 9
118
9
bca-bbi 1
cea-bbi 1
beb-bbi 1
ib-bbi 1
gfd-bbi 1
cbb-bbi 1
ige-bbi 1
bech-bbi 1
beeh-bbi 5
119
7
bbf-bbj 1
gjh-bbj 1
eh-bbj 1
baja-bbj 1
bbag-bbj 1
fag-bbj 7
ige-bbj 1
120
6
cc-bca 1
bae-bca 1
eae-bca 1
gae-bca 1
cji-bca 1
gaf-bca 1
121
4
bbdg-bcb 1
fba-bcb 2
bdea-bcb 1
bbgc-bcb 1
122
7
bjd-bcc 1
jg-bcc 1
gfi-bcc 1
hgb-bcc 1
bebg-bcc 1
bbab-bcc 1
bbff-bcc 4
123
5
gc-bcd 1
ddj-bcd 1
jec-bcd 1
eed-bcd 1
iie-bcd 1
124
8
bb-bce 1
ccc-bce 1
fed-bce 1
gef-bce 1
edi-bce 1
bi-bce 1
bagd-bce 1
gc-bce 1
125
4
deg-bcf 1
cea-bcf 1
ddj-bcf 1
gih-bcf 1
126
7
di-bcg 1
dbg-bcg 1
cah-bcg 1
bhj-bcg 1
g-bcg 1
hcj-bcg 1
dgg-bcg 1
127
6
bfc-bch 1
dfd-bch 1
ecb-bch 1
gad-bch 1
fbh-bch 1
bgbf-bch 1
128
7
bbc-bci 1
fi-bci 1
fag-bci 1
bagb-bci 1
bbhe-bci 3
bcbc-bci 1
bbf-bci 1
129
7
bbf-bcj 1
bah-bcj 1
cjh-bcj 1
eac-bcj 1
iff-bcj 2
cjg-bcj 1
icj-bcj 1
130
6
ia-bda 1
fbe-bda 1
dhg-bda 1
eh-bda 1
ffa-bda 3
dfj-bda 1
131
8
bfc-bdb 1
djh-bdb 1
bhb-bdb 1
cda-bdb 1
fib-bdb 1
jbg-bdb 1
efd-bdb 1
deh-bdb 1
132
9
bec-bdc 1
fee-bdc 2
bbfe-bdc 1
bbjh-bdc 1
bbah-bdc 1
fdc-bdc 1
jbg-bdc 1
cfc-bdc 1
bfea-bdc 1
133
5
bja-bdd 1
efa-bdd 1
bcgc-bdd 1
bjf-bdd 1
bece-bdd 1
134
6
bdh-bde 1
hhi-bde 1
iah-bde 1
bba-bde 1
gge-bde 1
beec-bde 1
135
6
hc-bdf 1
bhe-bdf 1
hcg-bdf 2
bbab-bdf 1
gea-bdf 1
gbf-bdf 1
136
8
bcc-bdg 1
ch-bdg 1
dhi-bdg 1
jdg-bdg 1
bahh-bdg 2
djj-bdg 1
cha-bdg 1
bbij-bdg 1
137
4
edg-bdh 1
feh-bdh 1
ce-bdh 1
jjg-bdh 1
138
6
ich-bdi 1
gci-bdi 1
iic-bdi 3
bcfj-bdi 1
bffi-bdi 1
jbe-bdi 1
139
7
ffb-bdj 1
igb-bdj 1
bbbh-bdj 1
jfe-bdj 2
geh-bdj 2
hhc-bdj 1
igg-bdj 1
140
4
dgb-bea 1
dgc-bea 1
cdh-bea 1
fif-bea 1
141
8
cbg-beb 1
cbe-beb 1
fe-beb 1
dci-beb 1
edh-beb 1
ffd-beb 1
djg-beb 1
hia-beb 2
142
8
eei-bec 1
bdh-bec 1
ii-bec 1
ica-bec 1
bdei-bec 1
hff-bec 1
hea-bec 1
hj-bec 1
143
6
bhc-bed 1
cfa-bed 1
ica-bed 1
feh-bed 1
cd-bed 2
begd-bed 1
144
5
cfa-bee 1
gjd-bee 1
dfg-bee 1
bbej-bee 1
bgbe-bee 10
145
4
bjd-bef 1
dai-bef 1
jei-bef 1
fgj-bef 1
146
5
bja-beg 1
ea-beg 1
bef-beg 1
fei-beg 1
hgd-beg 1
147
9
hi-beh 1
ef-beh 1
bab-beh 1
cia-beh 1
ih-beh 1
ccg-beh 1
ieh-beh 2
gdd-beh 1
jbj-beh 1
148
5
fge-bei 1
jbi-bei 1
bcgi-bei 1
becg-bei 1
jca-bei 2
149
5
cdi-bej 1
bdb-bej 1
dbi-bej 1
bec-bej 1
fif-bej 1
150
5
ddd-bfa 1
cjd-bfa 1
egg-bfa 1
cdf-bfa 1
ifi-bfa 1
151
2
fda-bfb 1
bdji-bfb 1
152
9
dhb-bfc 1
cdb-bfc 1
fbb-bfc 1
cei-bfc 1
fcb-bfc 1
ifh-bfc 1
gbi-bfc 1
dcb-bfc 3
bafi-bfc 1
153
4
bif-bfd 1
cie-bfd 1
haa-bfd 1
jgi-bfd 1
154
5
cgh-bfe 1
hff-bfe 1
baea-bfe 1
dch-bfe 1
gbc-bfe 1
155
4
fdh-bff 1
gfe-bff 1
eec-bff 1
bcie-bff 1
156
8
bef-bfg 1
hj-bfg 1
fh-bfg 1
dae-bfg 1
be-bfg 1
efi-bfg 1
hhe-bfg 1
bgac-bfg 2
157
4
baf-bfh 1
bae-bfh 1
eaa-bfh 1
gcj-bfh 1
158
7
bacf-bfi 1
idg-bfi 1
ecj-bfi 1
bgci-bfi 9
gaa-bfi 5
ich-bfi 1
jhe-bfi 1
159
5
ded-bfj 1
gce-bfj 1
gif-bfj 1
jjj-bfj 1
bii-bfj 1
160
3
dij-bga 1
efe-bga 1
hbd-bga 1
161
6
dff-bgb 1
hea-bgb 2
bahe-bgb 1
bcga-bgb 1
bedd-bgb 1
cgc-bgb 1
162
7
fd-bgc 1
cdb-bgc 1
ehc-bgc 1
cff-bgc 1
ffi-bgc 1
cgd-bgc 1
bdeh-bgc 1
163
5
f-bgd 1
gd-bgd 1
edg-bgd 1
dbj-bgd 1
bgdh-bgd 1
164
3
d-bge 1
hci-bge 1
jif-bge 1
165
4
bie-bgf 1
bd-bgf 1
baih-bgf 1
iaa-bgf 1
166
6
id-bgg 1
babe-bgg 1
ehg-bgg 1
heh-bgg 1
bdde-bgg 1
bcaa-bgg 1
167
5
dbg-bgh 1
cej-bgh 1
cgg-bgh 1
be-bgh 1
bfgh-bgh 1
168
8
cej-bgi 1
baa-bgi 1
eij-bgi 1
bhh-bgi 1
bc-bgi 1
cbi-bgi 1
dda-bgi 1
daj-bgi 2
169
5
djh-bgj 1
hbh-bgj 1
jai-bgj 1
hch-bgj 1
bffe-bgj 1
170
8
ccd-bha 1
ddd-bha 1
edd-bha 1
bff-bha 1
bde-bha 1
bi-bha 1
gi-bha 2
fh-bha 1
171
6
jh-bhb 1
cda-bhb 1
ih-bhb 1
hhd-bhb 1
fcb-bhb 1
bfbi-bhb 1
172
6
bfe-bhc 1
edf-bhc 1
eje-bhc 1
gfg-bhc 1
bbfd-bhc 2
bagf-bhc 1
173
4
bcb-bhd 1
hj-bhd 1
gii-bhd 1
eed-bhd 1
174
5
bgj-bhe 1
chd-bhe 1
ebi-bhe 1
cfe-bhe 1
daa-bhe 4
175
6
dgi-bhf 1
ech-bhf 1
cgi-bhf 1
ca-bhf 1
jga-bhf 1
bci-bhf 1
176
7
cbg-bhg 1
bci-bhg 1
cfi-bhg 1
baf-bhg 1
cdi-bhg 2
iga-bhg 1
babb-bhg 1
177
4
cbc-bhh 1
cch-bhh 1
efe-bhh 1
bai-bhh 1
178
5
cdb-bhi 1
eaj-bhi 1
ibh-bhi 1
gbb-bhi 1
bacb-bhi 1
179
7
hg-bhj 1
fha-bhj 1
ghd-bhj 1
cb-bhj 1
dbf-bhj 1
bafb-bhj 2
hbc-bhj 1
180
4
hi-bia 1
cch-bia 1
dac-bia 1
bjg-bia 1
181
3
hjj-bib 1
fhc-bib 1
eae-bib 6
182
4
dc-bic 1
baa-bic 1
hdc-bic 1
eee-bic 1
183
4
dec-bid 1
beh-bid 1
bef-bid 1
bajd-bid 1
184
11
bbc-bie 1
bae-bie 1
bef-bie 1
dbe-bie 1
bcc-bie 1
cdc-bie 1
cfe-bie 1
hdd-bie 1
eig-bie 1
bde-bie 1
bcai-bie 1
185
5
cji-bif 1
je-bif 1
bahf-bif 1
bgcg-bif 5
babf-bif 3
186
2
deg-big 1
bdde-big 1
187
4
ccj-bih 1
dcf-bih 1
hef-bih 1
bcff-bih 2
188
5
dfa-bii 1
bga-bii 1
ejd-bii 1
caj-bii 1
bcej-bii 1
189
6
bcj-bij 1
eab-bij 1
cha-bij 1
gfi-bij 1
cia-bij 1
ba-bij 1
190
3
dig-bja 1
ded-bja 1
dca-bja 8
191
4
db-bjb 1
bbee-bjb 1
bcdb-bjb 1
fed-bjb 1
192
5
ibe-bjc 1
bagc-bjc 1
eia-bjc 1
baad-bjc 1
ggh-bjc 1
193
5
di-bjd 1
bij-bjd 1
hdg-bjd 4
ghb-bjd 1
gd-bjd 1
194
4
dgf-bje 1
eja-bje 1
ecd-bje 3
cga-bje 1
195
6
hie-bjf 1
hii-bjf 1
ecg-bjf 2
bccc-bjf 1
hic-bjf 2
baff-bjf 11
196
3
cec-bjg 1
dih-bjg 1
df-bjg 1
197
6
bcb-bjh 1
eah-bjh 1
cd-bjh 1
gfd-bjh 1
jeb-bjh 1
djg-bjh 1
198
4
dbg-bji 1
cgh-bji 1
fdj-bji 1
beeb-bji 2
199
4
jhe-bjj 1
edg-bjj 1
gci-bjj 2
baad-bjj 8
200
6
dhc-caa 1
jgd-caa 1
ecb-caa 1
bafd-caa 1
hfg-caa 1
djj-caa 1
201
6
bdg-cab 1
daf-cab 1
bef-cab 1
cjd-cab 1
jca-cab 1
jbg-cab 1
202
5
cgd-cac 1
djc-cac 1
bbdh-cac 1
dbf-cac 1
fid-cac 1
203
3
edd-cad 1
ege-cad 1
icg-cad 1
204
8
cci-cae 1
bea-cae 1
gdi-cae 1
chb-cae 1
bcb-cae 1
jcd-cae 1
bccg-cae 1
hhb-cae 1
205
3
gag-caf 1
ghc-caf 1
bafb-caf 3
206
4
bbg-cag 1
cie-cag 1
fbi-cag 1
ebb-cag 1
207
6
cce-cah 1
fde-cah 1
fac-cah 1
ih-cah 1
bahc-cah 1
bebe-cah 1
208
2
jda-cai 1
gdb-cai 1
209
4
jh-caj 1
eba-caj 1
eji-caj 1
ghh-caj 1
210
4
bfi-cba 1
bbjf-cba 5
bgdd-cba 3
bccb-cba 1
211
5
ca-cbb 1
be-cbb 1
da-cbb 1
cge-cbb 1
ihc-cbb 1
212
2
efg-cbc 7
bcdg-cbc 4
213
8
ehe-cbd 1
bif-cbd 1
chb-cbd 1
eag-cbd 1
bcdc-cbd 1
cec-cbd 1
jej-cbd 1
jfc-cbd 6
214
1
bbcc-cbe 3
215
3
ceb-cbf 1
cdj-cbf 1
bff-cbf 1
216
4
bdg-cbg 1
hjj-cbg 1
bbfi-cbg 2
becj-cbg 3
217
5
ej-cbh 1
bfg-cbh 1
caj-cbh 1
bhi-cbh 1
jhi-cbh 1
218
3
bdi-cbi 1
ede-cbi 3
ebh-cbi 1
219
5
db-cbj 1
dcf-cbj 1
hi-cbj 1
jec-cbj 1
gjj-cbj 1
220
6
cbe-cca 1
bbi-cca 1
ihg-cca 1
ehi-cca 1
bbdb-cca 1
eea-cca 1
221
6
bjj-ccb 1
eig-ccb 1
ejj-ccb 1
d-ccb 1
ddd-ccb 1
jeh-ccb 1
222
3
eag-ccc 1
bcda-ccc 1
jfh-ccc 1
223
6
cjf-ccd 1
ecd-ccd 1
dhh-ccd 1
eae-ccd 1
feh-ccd 1
bajb-ccd 1
224
4
bdc-cce 1
daf-cce 1
hdf-cce 1
bceh-cce 1
225
7
dca-ccf 1
hcc-ccf 1
ghd-ccf 1
jeg-ccf 1
ihi-ccf 7
bfdd-ccf 1
ga-ccf 1
226
7
bih-ccg 1
fhh-ccg 1
ide-ccg 1
hde-ccg 1
ijd-ccg 1
bahi-ccg 1
hjh-ccg 1
227
4
bhe-cch 1
baaf-cch 1
ice-cch 1
egd-cch 2
228
4
ceb-cci 1
haf-cci 1
bbfd-cci 1
bgbg-cci 2
229
6
cch-ccj 1
eeb-ccj 1
gdf-ccj 1
hji-ccj 1
bch-ccj 1
j-ccj 1
230
3
dd-cda 1
jae-cda 1
ejd-cda 1
231
4
fcf-cdb 1
jaa-cdb 1
bff-cdb 1
ejg-cdb 4
232
6
ccj-cdc 1
gac-cdc 1
eb-cdc 1
fad-cdc 1
ddj-cdc 1
hjg-cdc 1
233
2
db-cdd 1
bebi-cdd 1
234
7
bjb-cde 1
fff-cde 1
bi-cde 1
bj-cde 1
gge-cde 1
hhb-cde 1
bdia-cde 1
235
5
iee-cdf 1
fjc-cdf 8
badh-cdf 1
bhj-cdf 1
dfa-cdf 1
236
6
bdf-cdg 1
eif-cdg 1
cid-cdg 1
gcf-cdg 1
dff-cdg 5
bfjd-cdg 1
237
3
gd-cdh 1
gfd-cdh 1
bbja-cdh 6
238
4
deb-cdi 1
jbc-cdi 1
beha-cdi 3
j-cdi 1
239
3
chh-cdj 1
ega-cdj 1
hgg-cdj 1
240
7
if-cea 1
be-cea 1
cfi-cea 1
cac-cea 1
gbi-cea 1
jaj-cea 2
che-cea 1
241
6
bch-ceb 1
cii-ceb 1
dfe-ceb 1
bfj-ceb 1
dhh-ceb 1
bdea-ceb 6
242
4
bdg-cec 1
bbc-cec 1
bajb-cec 1
bad-cec 1
243
3
cah-ced 1
efg-ced 1
bbgc-ced 1
244
3
eej-cee 1
jhc-cee 1
ic-cee 1
245
4
dab-cef 1
bfi-cef 1
bbec-cef 1
bha-cef 1
246
4
bfa-ceg 1
cah-ceg 1
iag-ceg 1
gdg-ceg 1
247
4
bje-ceh 1
cic-ceh 1
eeg-ceh 1
gdd-ceh 1
248
5
bfb-cei 1
dgf-cei 1
ehj-cei 1
ddf-cei 1
fhi-cei 1
249
8
bda-cej 1
ef-cej 1
dif-cej 1
gig-cej 1
jej-cej 1
bbee-cej 1
bh-cej 1
bbeg-cej 1
250
5
eb-cfa 1
gei-cfa 2
hdi-cfa 1
ice-cfa 1
bdhb-cfa 3
251
7
fc-cfb 1
fgg-cfb 1
g-cfb 1
cea-cfb 1
gje-cfb 1
baga-cfb 1
fhe-cfb 1
252
3
eca-cfc 1
gef-cfc 1
ieg-cfc 1
253
6
ccg-cfd 1
cje-cfd 1
geb-cfd 1
a-cfd 1
bchd-cfd 1
bcdh-cfd 1
254
2
jf-cfe 1
ijc-cfe 1
255
5
egj-cff 1
hjf-cff 1
bafc-cff 1
hda-cff 1
ejg-cff 2
256
4
bbdg-cfg 2
bfdb-cfg 1
ej-cfg 1
gic-cfg 1
257
7
baj-cfh 1
bee-cfh 1
gbg-cfh 1
cid-cfh 1
fjh-cfh 1
bbee-cfh 1
cie-cfh 7
258
5
eec-cfi 1
chd-cfi 1
badf-cfi 1
bcfi-cfi 1
dhi-cfi 1
259
6
bd-cfj 1
beb-cfj 1
fh-cfj 1
dib-cfj 1
efb-cfj 1
cfi-cfj 1
260
7
dh-cga 1
chf-cga 1
cah-cga 1
cgd-cga 1
bhb-cga 1
chj-cga 1
bcjf-cga 3
261
5
dch-cgb 1
dhd-cgb 1
da-cgb 1
gdf-cgb 1
deb-cgb 1
262
6
fji-cgc 1
hdb-cgc 1
cdb-cgc 1
ica-cgc 1
ee-cgc 1
hfc-cgc 1
263
6
dcj-cgd 1
dcf-cgd 1
bec-cgd 1
bafi-cgd 1
bafd-cgd 1
bajg-cgd 1
264
6
fh-cge 1
ea-cge 1
cci-cge 1
bfc-cge 1
hai-cge 1
bba-cge 1
265
5
dej-cgf 1
fcc-cgf 1
gie-cgf 1
ibe-cgf 1
bgbh-cgf 1
266
5
bii-cgg 1
bdh-cgg 1
fhc-cgg 1
dib-cgg 1
bgae-cgg 1
267
5
hif-cgh 1
cag-cgh 1
babb-cgh 1
bdhc-cgh 13
hc-cgh 1
268
5
daf-cgi 1
djh-cgi 1
fdh-cgi 1
baaa-cgi 6
ia-cgi 1
269
4
eag-cgj 1
dgg-cgj 1
fei-cgj 1
ifi-cgj 1
270
6
dcb-cha 1
bhi-cha 1
dhj-cha 1
egj-cha 1
gfh-cha 1
ged-cha 1
271
3
eci-chb 1
fff-chb 1
bcbi-chb 1
272
5
fjc-chc 1
hba-chc 1
jfb-chc 1
jhd-chc 1
bbfj-chc 1
273
4
dfj-chd 1
ebh-chd 1
cjc-chd 1
bfbg-chd 2
274
4
dbj-che 1
eah-che 1
dej-che 1
befj-che 1
275
5
did-chf 1
ehb-chf 1
hfb-chf 1
fch-chf 1
eca-chf 7
276
4
fc-chg 1
hja-chg 1
iab-chg 1
edh-chg 1
277
4
ca-chh 1
ddj-chh 1
cid-chh 1
cbb-chh 1
278
6
cee-chi 1
ibj-chi 1
hga-chi 1
bbea-chi 1
bbc-chi 3
jeh-chi 1
279
6
dia-chj 1
fg-chj 1
bgh-chj 1
jg-chj 1
fjd-chj 1
hhi-chj 1
280
4
eie-cia 1
jej-cia 1
cce-cia 1
jj-cia 1
281
5
eha-cib 3
hh-cib 1
bdhh-cib 2
bcce-cib 1
bdhb-cib 1
282
5
bbi-cic 1
igc-cic 1
ifd-cic 1
jce-cic 1
dhi-cic 1
283
11
bdh-cid 1
dfa-cid 1
ehb-cid 1
fcf-cid 1
ebi-cid 1
fic-cid 1
dfd-cid 1
bii-cid 1
hgg-cid 1
cab-cid 1
cjb-cid 2
284
3
bih-cie 1
jfi-cie 12
gg-cie 6
285
8
dcb-cif 1
dgb-cif 1
dae-cif 1
gfe-cif 1
idd-cif 1
baed-cif 1
bbai-cif 1
bcja-cif 6
286
6
eef-cig 1
dge-cig 1
hbj-cig 1
hdd-cig 1
hai-cig 1
bbac-cig 1
287
2
cda-cih 1
icg-cih 3
288
6
cah-cii 1
dad-cii 1
gbi-cii 1
gc-cii 1
ggd-cii 1
baha-cii 1
289
4
bgi-cij 1
cch-cij 1
dgf-cij 1
ch-cij 1
290
6
ead-cja 1
ehg-cja 1
dge-cja 1
hcj-cja 1
ija-cja 1
bcaa-cja 1
291
4
eei-cjb 1
jbi-cjb 1
bagh-cjb 1
beba-cjb 2
292
4
db-cjc 1
bada-cjc 2
bfgi-cjc 6
bcih-cjc 1
293
2
eje-cjd 1
bdaa-cjd 1
294
3
bbi-cje 1
cea-cje 1
fje-cje 1
295
3
egf-cjf 1
cgb-cjf 1
dba-cjf 1
296
1
cgb-cjg 1
297
5
dci-cjh 1
da-cjh 1
hhf-cjh 1
jfd-cjh 1
he-cjh 1
298
6
bee-cji 1
id-cji 1
hbd-cji 1
dbj-cji 1
bdce-cji 1
bdcg-cji 1
299
6
cc-cjj 1
bgh-cjj 1
fci-cjj 1
jah-cjj 5
bcie-cjj 1
bfeb-cjj 2
300
6
fh-daa 1
ih-daa 1
edd-daa 1
jjb-daa 1
bbhc-daa 1
bfde-daa 3
301
6
ede-dab 1
hi-dab 3
icf-dab 1
cjh-dab 1
bace-dab 1
bef-dab 1
302
5
de-dac 1
bgi-dac 1
fgc-dac 1
dce-dac 1
iid-dac 1
303
4
dab-dad 1
gfe-dad 1
gcb-dad 1
gfd-dad 2
304
4
ebf-dae 1
baaa-dae 1
fce-dae 1
bcib-dae 4
305
7
cha-daf 1
badi-daf 4
bdag-daf 1
bddb-daf 1
fbb-daf 1
jae-daf 1
bdcb-daf 3
306
3
eb-dag 1
jg-dag 1
hcd-dag 1
307
4
cgi-dah 1
ihj-dah 1
ggg-dah 1
ehc-dah 1
308
6
dhc-dai 1
chh-dai 1
ebd-dai 1
bafa-dai 1
ejb-dai 1
bchi-dai 1
309
6
dce-daj 1
ebb-daj 1
fae-daj 1
fhj-daj 1
dhe-daj 1
geh-daj 2
310
3
bff-dba 1
gdh-dba 1
hhj-dba 2
311
4
dfc-dbb 1
eaa-dbb 9
dgi-dbb 1
cjb-dbb 1
312
2
dah-dbc 1
hca-dbc 1
313
5
bfg-dbd 1
bbg-dbd 1
ceg-dbd 1
gcb-dbd 2
bdjf-dbd 1
314
3
dfh-dbe 1
dac-dbe 1
bcaf-dbe 1
315
7
gdc-dbf 1
gib-dbf 10
ei-dbf 1
dac-dbf 1
eid-dbf 1
bbcb-dbf 1
baad-dbf 1
316
3
dab-dbg 1
iag-dbg 9
ffg-dbg 1
317
5
cid-dbh 1
cdb-dbh 1
caa-dbh 1
gfj-dbh 1
fha-dbh 1
318
5
ch-dbi 1
eia-dbi 1
fah-dbi 1
edd-dbi 1
bcaa-dbi 1
319
6
cgb-dbj 1
cg-dbj 1
dad-dbj 1
gjf-dbj 1
dhd-dbj 1
bb-dbj 1
320
5
badg-dca 1
bdii-dca 2
bda-dca 2
a-dca 1
jbi-dca 6
321
6
gbj-dcb 1
eda-dcb 2
gad-dcb 2
jia-dcb 1
fi-dcb 1
efg-dcb 1
322
9
eie-dcc 1
chf-dcc 1
cdd-dcc 1
di-dcc 1
ddf-dcc 1
jah-dcc 2
heg-dcc 1
fbb-dcc 1
gdi-dcc 1
323
4
gjc-dcd 1
cg-dcd 1
cfg-dcd 1
gda-dcd 1
324
4
bcg-dce 1
cce-dce 1
ebg-dce 1
jef-dce 8
325
5
bhe-dcf 1
fce-dcf 1
fea-dcf 1
cgb-dcf 1
bbja-dcf 2
326
3
cd-dcg 1
dca-dcg 1
jjj-dcg 1
327
5
cjc-dch 1
eca-dch 1
dh-dch 1
bdgc-dch 1
jai-dch 4
328
5
ehi-dci 1
cge-dci 1
ddg-dci 1
bcef-dci 1
dae-dci 1
329
5
bde-dcj 1
dhd-dcj 1
dbj-dcj 1
jcg-dcj 2
begb-dcj 1
330
4
dai-dda 1
cea-dda 1
bjj-dda 1
fjj-dda 1
331
6
cjb-ddb 1
ddd-ddb 1
eig-ddb 1
bcea-ddb 1
bdge-ddb 1
bbdj-ddb 1
332
5
beg-ddc 1
ia-ddc 1
bja-ddc 1
dac-ddc 1
bfjb-ddc 1
333
4
bci-ddd 1
gfa-ddd 1
hed-ddd 1
beef-ddd 1
334
9
ehd-dde 1
ejf-dde 1
gaa-dde 1
bbj-dde 1
ghh-dde 1
dbe-dde 1
d-dde 1
fbe-dde 1
ifj-dde 1
335
7
chf-ddf 1
jh-ddf 1
bei-ddf 1
id-ddf 1
eb-ddf 1
fcf-ddf 2
eij-ddf 1
336
3
cdi-ddg 1
eid-ddg 1
cgc-ddg 1
337
4
ech-ddh 1
ef-ddh 1
edi-ddh 1
baa-ddh 2
338
6
cfa-ddi 1
ehd-ddi 1
fib-ddi 1
bjc-ddi 1
ef-ddi 1
jja-ddi 1
339
6
ehi-ddj 1
ecg-ddj 2
haa-ddj 1
ccd-ddj 1
ihj-ddj 1
dia-ddj 1
340
6
dia-dea 1
bgi-dea 1
ejd-dea 2
edh-dea 1
ief-dea 1
ebe-dea 1
341
6
hjc-deb 1
hha-deb 1
fei-deb 1
hgj-deb 1
hfg-deb 1
cbi-deb 2
342
5
ba-dec 1
fdc-dec 1
bg-dec 1
bcgh-dec 1
bfg-dec 2
343
5
ihf-ded 2
gij-ded 1
bdbb-ded 1
ddc-ded 1
jab-ded 1
344
5
fhb-dee 1
dhc-dee 1
dej-dee 1
cia-dee 1
fji-dee 1
345
3
ceb-def 1
jfi-def 2
bajh-def 1
346
6
cdh-deg 1
cfb-deg 1
eec-deg 1
hia-deg 1
fhd-deg 1
bceg-deg 1
347
4
gcf-deh 1
ifa-deh 1
iji-deh 1
dj-deh 1
348
2
gjc-dei 1
fif-dei 1
349
4
dif-dej 1
babg-dej 1
bcah-dej 16
fda-dej 1
350
5
fie-dfa 1
hab-dfa 1
bfb-dfa 1
eai-dfa 1
ege-dfa 1
351
3
bde-dfb 1
ehb-dfb 1
e-dfb 2
352
7
ddc-dfc 1
cjc-dfc 1
eb-dfc 1
fgg-dfc 1
ghb-dfc 1
ca-dfc 1
fgj-dfc 1
353
6
bga-dfd 1
da-dfd 1
gcb-dfd 1
bbae-dfd 1
idj-dfd 2
bfcc-dfd 1
354
4
ii-dfe 1
badc-dfe 1
ejd-dfe 1
baac-dfe 2
355
5
jha-dff 1
ife-dff 1
gie-dff 2
heg-dff 1
hii-dff 4
356
3
cdj-dfg 1
dhf-dfg 1
eib-dfg 8
357
5
hg-dfh 1
fhb-dfh 1
bbcb-dfh 1
beci-dfh 1
fee-dfh 1
358
3
baac-dfi 1
egd-dfi 2
hgh-dfi 11
359
3
eb-dfj 1
ejd-dfj 1
bbah-dfj 1
360
5
g-dga 1
dgi-dga 1
fff-dga 1
cb-dga 1
bcdg-dga 3
361
2
cad-dgb 1
bcae-dgb 1
362
6
bc-dgc 1
c-dgc 1
jic-dgc 1
jja-dgc 1
bdbb-dgc 1
fib-dgc 1
363
9
cbc-dgd 1
ebc-dgd 1
bfa-dgd 1
feh-dgd 1
ifg-dgd 1
badi-dgd 1
bajj-dgd 1
bbjf-dgd 1
ifb-dgd 1
364
6
ifc-dge 1
dc-dge 1
hcj-dge 1
bccf-dge 1
ef-dge 1
beaa-dge 1
365
4
dhf-dgf 1
jfj-dgf 1
bbba-dgf 1
bffd-dgf 1
366
3
dce-dgg 1
bg-dgg 1
bced-dgg 1
367
2
dff-dgh 1
idi-dgh 1
368
5
cgg-dgi 1
deb-dgi 1
bbf-dgi 1
ibf-dgi 1
ceb-dgi 1
369
4
gg-dgj 1
bea-dgj 1
bcab-dgj 1
ghb-dgj 1
370
4
ecg-dha 1
jhi-dha 1
dji-dha 1
dij-dha 1
371
3
ebh-dhb 1
d-dhb 1
bajb-dhb 1
372
7
dfg-dhc 1
ccd-dhc 1
bbce-dhc 2
jii-dhc 1
bdab-dhc 1
dbg-dhc 8
bbed-dhc 1
373
6
cdi-dhd 1
fhc-dhd 1
dgh-dhd 1
hfh-dhd 1
ije-dhd 1
baeg-dhd 1
374
6
dca-dhe 1
ieg-dhe 1
bbhi-dhe 2
ehb-dhe 1
bbii-dhe 1
bbhb-dhe 1
375
5
cjd-dhf 1
bcf-dhf 1
ebj-dhf 1
ich-dhf 1
baga-dhf 2
376
4
bfe-dhg 1
ida-dhg 1
beab-dhg 1
begf-dhg 1
377
5
dgf-dhh 1
bbb-dhh 1
bbh-dhh 1
bdac-dhh 1
gbg-dhh 1
378
6
ebh-dhi 1
fhf-dhi 1
fjf-dhi 1
bbbb-dhi 1
bcab-dhi 1
ihg-dhi 2
379
7
fce-dhj 1
idc-dhj 1
ddj-dhj 2
idf-dhj 1
ecj-dhj 1
icc-dhj 1
begh-dhj 1
380
4
bdc-dia 1
jcc-dia 1
hge-dia 1
ecg-dia 10
381
4
cfd-dib 1
bgg-dib 1
dhj-dib 1
ffd-dib 1
382
8
hc-dic 1
dih-dic 1
fh-dic 1
ebi-dic 1
hhd-dic 1
jff-dic 1
edj-dic 1
bbgj-dic 1
383
6
bab-did 1
ccj-did 1
dhg-did 1
hid-did 1
bgj-did 1
eii-did 1
384
6
dci-die 1
fig-die 1
fea-die 1
jeb-die 1
fac-die 1
baag-die 3
385
1
bbdh-dif 2
386
3
edj-dig 1
fcd-dig 2
hih-dig 1
387
2
fdg-dih 1
bbjg-dih 1
388
2
bage-dii 2
bdeg-dii 1
389
5
cga-dij 1
eai-dij 1
hhe-dij 1
bacf-dij 1
ici-dij 10
390
2
bhe-dja 1
bdhi-dja 1
391
2
eee-djb 1
jjj-djb 2
392
3
dba-djc 1
ddi-djc 1
jaj-djc 2
393
6
cie-djd 1
ceb-djd 1
jdd-djd 1
jif-djd 1
ifd-djd 1
bejh-djd 1
394
7
he-dje 1
bbj-dje 1
dbi-dje 1
hag-dje 1
dbh-dje 1
ddc-dje 1
beaj-dje 3
395
2
di-djf 1
eha-djf 1
396
7
baa-djg 1
cji-djg 1
bcc-djg 1
jbc-djg 1
hca-djg 1
bceg-djg 1
efi-djg 1
397
9
bdh-djh 1
djb-djh 1
bif-djh 1
beca-djh 1
gai-djh 1
gdg-djh 1
cjc-djh 4
bdef-djh 3
ebi-djh 1
398
4
cha-dji 1
cic-dji 1
hhj-dji 1
bahj-dji 1
399
6
caj-djj 1
egi-djj 1
dec-djj 1
dda-djj 1
bbc-djj 1
jib-djj 1
400
7
bif-eaa 1
ghi-eaa 1
hbg-eaa 1
eji-eaa 1
jbb-eaa 1
hjj-eaa 2
bee-eaa 10
401
4
fh-eab 1
chi-eab 1
bdha-eab 1
bbga-eab 3
402
5
bcc-eac 1
big-eac 1
bagg-eac 1
cej-eac 1
jhi-eac 1
403
4
chj-ead 1
dce-ead 1
caf-ead 1
dj-ead 1
404
7
fhi-eae 1
gai-eae 1
fed-eae 1
edd-eae 1
gdc-eae 1
bic-eae 1
icb-eae 10
405
4
jc-eaf 1
ghj-eaf 1
fde-eaf 1
fgj-eaf 1
406
5
ca-eag 1
hea-eag 1
gff-eag 1
cfa-eag 1
hgb-eag 1
407
5
cgd-eah 1
eca-eah 2
gdj-eah 1
bbcf-eah 11
bcaj-eah 1
408
4
efh-eai 1
ffa-eai 1
be-eai 1
bbec-eai 4
409
4
eae-eaj 1
dfj-eaj 1
jfa-eaj 1
beec-eaj 1
410
6
cee-eba 1
feb-eba 1
bjj-eba 1
gih-eba 1
bebc-eba 1
bif-eba 6
411
7
ebg-ebb 1
fac-ebb 1
fff-ebb 1
beb-ebb 1
ggb-ebb 1
iij-ebb 1
ffd-ebb 1
412
3
ecb-ebc 1
baej-ebc 1
bjg-ebc 1
413
8
cag-ebd 1
cbb-ebd 1
ejb-ebd 1
had-ebd 1
dgi-ebd 1
badb-ebd 2
bcce-ebd 1
bdae-ebd 3
414
6
dgb-ebe 1
ceb-ebe 1
hfg-ebe 1
df-ebe 1
ebb-ebe 1
bfhc-ebe 1
415
4
bfd-ebf 1
bge-ebf 1
fhf-ebf 1
ijf-ebf 1
416
3
dcf-ebg 1
fga-ebg 1
ghg-ebg 1
417
4
daf-ebh 1
hdg-ebh 1
bahf-ebh 1
icg-ebh 8
418
3
ebd-ebi 1
ebc-ebi 1
hfe-ebi 2
419
5
ghd-ebj 1
jgc-ebj 4
ehi-ebj 1
igf-ebj 1
djj-ebj 2
420
5
dhi-eca 1
dbf-eca 1
jff-eca 1
eh-eca 1
jga-eca 9
421
2
daj-ecb 1
bchc-ecb 2
422
10
cd-ecc 1
edi-ecc 1
ejd-ecc 1
idf-ecc 1
gce-ecc 1
babd-ecc 1
fbe-ecc 1
bdch-ecc 4
bdie-ecc 1
jc-ecc 1
423
3
fba-ecd 1
dha-ecd 1
jfj-ecd 11
424
4
ecd-ece 1
eaa-ece 1
ici-ece 1
eeh-ece 1
425
6
dh-ecf 1
eed-ecf 1
dgb-ecf 1
dc-ecf 1
cib-ecf 1
beh-ecf 1
426
3
dfa-ecg 1
bcca-ecg 12
fbc-ecg 1
427
5
fcf-ech 1
dbh-ech 1
bajd-ech 1
jjc-ech 1
hcd-ech 8
428
4
dh-eci 1
cei-eci 1
hcg-eci 2
jac-eci 1
429
3
gbj-ecj 1
fbc-ecj 1
ihi-ecj 1
430
7
dgb-eda 1
eai-eda 1
hbd-eda 1
igj-eda 1
bbdb-eda 1
bdcg-eda 1
dhf-eda 2
431
7
ff-edb 1
fb-edb 1
eci-edb 1
gec-edb 1
jj-edb 1
iia-edb 1
gdd-edb 1
432
5
bhb-edc 1
dci-edc 1
ggi-edc 1
baa-edc 1
ihi-edc 1
433
6
bai-edd 1
dfa-edd 1
ebd-edd 1
gag-edd 1
bdh-edd 1
cbe-edd 2
434
4
ejb-ede 1
jh-ede 6
jbb-ede 1
ffi-ede 1
435
6
ci-edf 1
dic-edf 1
bdfe-edf 1
bdag-edf 1
fah-edf 1
hba-edf 1
436
6
bgd-edg 1
ddc-edg 1
ggd-edg 1
jgh-edg 1
cde-edg 1
ie-edg 1
437
5
dah-edh 1
cfj-edh 1
bbgb-edh 2
hcd-edh 1
beb-edh 1
438
9
ccg-edi 1
cfj-edi 1
eja-edi 1
gah-edi 1
gie-edi 1
egf-edi 1
bjd-edi 1
bda-edi 1
baib-edi 1
439
3
cfb-edj 1
egj-edj 1
egf-edj 7
440
4
djh-eea 1
gcc-eea 1
igj-eea 1
bgj-eea 1
441
4
dec-eeb 1
hgh-eeb 1
bab-eeb 1
hei-eeb 1
442
4
cbe-eec 1
bha-eec 1
hci-eec 1
dge-eec 1
443
4
fcg-eed 2
jhc-eed 1
gcd-eed 1
iaa-eed 14
444
3
fgi-eee 1
idg-eee 1
chb-eee 1
445
5
dej-eef 1
bdg-eef 2
jad-eef 1
bie-eef 1
bdcd-eef 1
446
6
dji-eeg 1
chg-eeg 1
cfe-eeg 1
dcc-eeg 1
bfc-eeg 1
badg-eeg 1
447
3
bcc-eeh 1
fbd-eeh 1
gbb-eeh 1
448
5
ejc-eei 1
fii-eei 1
bih-eei 1
haj-eei 1
beed-eei 10
449
4
chc-eej 1
bbif-eej 1
bcag-eej 1
bcih-eej 2
450
7
ii-efa 1
dhd-efa 1
egc-efa 1
cbb-efa 1
jia-efa 1
bccg-efa 1
hch-efa 1
451
3
eib-efb 1
ehc-efb 1
bbgj-efb 1
452
4
bhh-efc 1
fdg-efc 1
ehd-efc 1
hd-efc 1
453
4
bbc-efd 1
igj-efd 1
iac-efd 1
fei-efd 5
454
2
bcdb-efe 12
ija-efe 1
455
5
fff-eff 1
hgf-eff 1
bbed-eff 1
bjf-eff 9
jge-eff 2
456
5
daf-efg 1
fii-efg 1
bcad-efg 5
bbj-efg 1
iib-efg 5
457
7
dci-efh 1
fde-efh 1
ibb-efh 1
bbeg-efh 1
ded-efh 2
iic-efh 2
igc-efh 1
458
3
eed-efi 1
icc-efi 1
eec-efi 1
459
6
efe-efj 1
gde-efj 1
fhc-efj 1
fje-efj 1
bbfa-efj 1
bbca-efj 1
460
8
cgd-ega 1
icf-ega 1
bja-ega 4
bbac-ega 1
cbg-ega 1
bac-ega 1
jca-ega 1
feh-ega 1
461
6
efi-egb 1
fdb-egb 1
cdg-egb 1
hic-egb 1
jg-egb 1
bcdf-egb 3
462
2
ddc-egc 1
ccj-egc 1
463
4
bbf-egd 1
ebd-egd 1
bdhg-egd 1
cfa-egd 4
464
6
ecb-ege 1
fdb-ege 1
bg-ege 1
dbb-ege 1
ifi-ege 1
dib-ege 1
465
4
cha-egf 1
fge-egf 2
eae-egf 3
ifd-egf 4
466
5
die-egg 1
eaj-egg 1
ed-egg 1
jia-egg 1
idd-egg 1
467
3
gah-egh 1
cii-egh 1
iid-egh 1
468
4
cdi-egi 1
hef-egi 1
efa-egi 1
ghc-egi 1
469
6
ij-egj 1
dbi-egj 1
ibi-egj 1
jj-egj 1
baih-egj 1
jdg-egj 2
470
6
bjj-eha 1
eid-eha 1
bbi-eha 1
bcbi-eha 1
cgh-eha 11
fgd-eha 1
471
4
bfc-ehb 1
bj-ehb 1
fei-ehb 1
hib-ehb 4
472
2
cdh-ehc 1
iad-ehc 2
473
4
dfd-ehd 1
hcb-ehd 11
hjj-ehd 1
bffb-ehd 1
474
4
di-ehe 1
hje-ehe 1
ibh-ehe 2
bebj-ehe 1
475
5
caa-ehf 1
fag-ehf 1
hgh-ehf 1
cac-ehf 1
jgj-ehf 1
476
5
ddb-ehg 1
cgg-ehg 1
hda-ehg 1
edf-ehg 2
bdgh-ehg 1
477
5
dad-ehh 1
dcc-ehh 1
gcc-ehh 1
had-ehh 1
ecf-ehh 1
478
3
fef-ehi 1
bbeg-ehi 1
jfd-ehi 4
479
4
hbj-ehj 1
baeh-ehj 1
bcgj-ehj 1
eci-ehj 1
480
5
ddb-eia 1
efb-eia 1
bfa-eia 1
efc-eia 1
cjj-eia 1
481
4
bbbe-eib 3
iih-eib 6
bcji-eib 1
dg-eib 1
482
5
ebb-eic 1
fhi-eic 1
bdfb-eic 3
befh-eic 1
bfef-eic 2
483
6
hc-eid 1
bdg-eid 1
fbg-eid 1
ejg-eid 1
bddi-eid 1
bfhj-eid 1
484
5
gbb-eie 1
baf-eie 1
gcf-eie 1
bbaf-eie 1
ffj-eie 1
485
4
djj-eif 1
daa-eif 1
fdf-eif 1
hac-eif 1
486
4
ede-eig 1
edi-eig 1
fdf-eig 1
bfeh-eig 1
487
5
efh-eih 1
cag-eih 1
jc-eih 1
ifi-eih 1
daa-eih 1
488
4
bgb-eii 1
cfd-eii 1
fij-eii 1
bfdi-eii 2
489
5
bje-eij 1
dfg-eij 1
ief-eij 1
dcc-eij 1
jae-eij 1
490
3
iaj-eja 1
hej-eja 1
babi-eja 5
491
3
cdi-ejb 1
ibd-ejb 1
bhc-ejb 1
492
6
eia-ejc 1
daj-ejc 1
hgb-ejc 1
bcbe-ejc 2
ggd-ejc 1
gji-ejc 1
493
2
iic-ejd 1
ige-ejd 2
494
6
bfj-eje 1
gic-eje 1
ebj-eje 1
cif-eje 1
ege-eje 1
iei-eje 1
495
3
bgb-ejf 1
ecf-ejf 1
bfja-ejf 1
496
4
eb-ejg 1
ghb-ejg 1
chd-ejg 2
feg-ejg 5
497
4
bbi-ejh 1
egb-ejh 1
iaa-ejh 1
idi-ejh 1
498
5
cgh-eji 1
cdd-eji 1
dih-eji 1
hfb-eji 1
d-eji 1
499
2
chf-ejj 2
hif-ejj 1
500
5
dfb-faa 1
deg-faa 1
dhg-faa 1
ice-faa 1
bbba-faa 1
501
2
dbf-fab 1
dda-fab 1
502
5
cbh-fac 1
cbi-fac 1
hdh-fac 1
bbii-fac 2
hbc-fac 1
503
6
dih-fad 1
cfh-fad 1
iej-fad 1
fgd-fad 1
baei-fad 4
bdjg-fad 1
504
4
fej-fae 1
fje-fae 1
baba-fae 3
bdia-fae 2
505
3
ice-faf 1
bcja-faf 1
hid-faf 1
506
5
hcd-fag 1
jif-fag 1
ggd-fag 1
bahb-fag 1
dbf-fag 9
507
2
bjf-fah 1
jbj-fah 1
508
5
bcj-fai 1
eff-fai 1
gdj-fai 1
fdh-fai 1
badj-fai 1
509
6
fgi-faj 1
ghi-faj 1
iii-faj 1
bhe-faj 1
ggb-faj 1
ga-faj 1
510
4
cdi-fba 1
bge-fba 1
dii-fba 1
bbdb-fba 6
511
5
fic-fbb 1
fid-fbb 1
geh-fbb 1
jih-fbb 1
jgi-fbb 1
512
4
eeg-fbc 1
fej-fbc 1
ejh-fbc 1
baag-fbc 1
513
5
bih-fbd 1
eai-fbd 1
hej-fbd 1
ejj-fbd 1
jhc-fbd 1
514
3
fgi-fbe 1
bajc-fbe 1
bceh-fbe 1
515
1
jbh-fbf 1
516
2
edb-fbg 1
dff-fbg 1
517
6
fdh-fbh 1
fgb-fbh 1
hca-fbh 1
ib-fbh 1
bc-fbh 1
bcjg-fbh 1
518
5
cfg-fbi 1
eah-fbi 1
ebf-fbi 1
dcc-fbi 1
bjb-fbi 1
519
6
hb-fbj 1
fdc-fbj 1
fch-fbj 1
ieg-fbj 1
beig-fbj 1
hdc-fbj 4
520
5
dce-fca 1
gaj-fca 1
bcie-fca 1
bccg-fca 1
jib-fca 1
521
5
bhb-fcb 1
fij-fcb 1
h-fcb 1
bcdf-fcb 3
hbb-fcb 1
522
4
gbd-fcc 1
gic-fcc 1
fjh-fcc 1
bfca-fcc 4
523
4
cae-fcd 1
ghf-fcd 1
hib-fcd 1
cba-fcd 4
524
3
gjh-fce 1
gia-fce 1
baec-fce 3
525
7
ejd-fcf 1
ehe-fcf 2
ebi-fcf 1
bff-fcf 1
cgf-fcf 1
baib-fcf 1
cce-fcf 1
526
4
bcah-fcg 1
gcc-fcg 2
eig-fcg 1
bbe-fcg 1
527
8
ecb-fch 1
fcf-fch 1
hfc-fch 1
eae-fch 1
cjb-fch 1
bcee-fch 1
beaj-fch 1
bfgh-fch 1
528
8
fhg-fci 1
bjf-fci 1
iba-fci 1
dfd-fci 1
dei-fci 1
iei-fci 1
dfh-fci 1
bbea-fci 1
529
6
egd-fcj 1
ffb-fcj 1
ghc-fcj 1
fcg-fcj 1
hge-fcj 1
heb-fcj 1
530
6
bhj-fda 1
edf-fda 1
gca-fda 1
bhi-fda 1
cfd-fda 1
bbbd-fda 1
531
5
ccf-fdb 1
ffg-fdb 1
eha-fdb 8
bcga-fdb 1
def-fdb 1
532
6
dad-fdc 1
cif-fdc 1
eg-fdc 1
bbjb-fdc 1
dhh-fdc 1
bahi-fdc 1
533
9
bei-fdd 1
baei-fdd 2
baif-fdd 1
dfb-fdd 1
eaf-fdd 1
hid-fdd 1
bfha-fdd 1
edd-fdd 2
bfie-fdd 1
534
3
egb-fde 1
fih-fde 1
jj-fde 1
535
6
fbj-fdf 1
cgg-fdf 1
gdc-fdf 1
bade-fdf 1
fdg-fdf 1
ibe-fdf 3
536
5
bhi-fdg 1
gje-fdg 1
gbh-fdg 1
bach-fdg 1
bdhg-fdg 1
537
7
cjd-fdh 1
ffa-fdh 1
hjd-fdh 1
bcjh-fdh 1
deb-fdh 2
cdc-fdh 1
gf-fdh 1
538
2
bh-fdi 1
jii-fdi 2
539
2
hbh-fdj 1
bdfh-fdj 3
540
5
caf-fea 1
bbia-fea 2
bceb-fea 1
bdcd-fea 2
ee-fea 1
541
6
ieb-feb 3
hgh-feb 1
ibd-feb 1
ih-feb 1
dfh-feb 1
cid-feb 1
542
3
ffe-fec 1
bfcg-fec 7
bfij-fec 1
543
5
eac-fed 1
fdh-fed 1
bbhb-fed 1
fjd-fed 1
hdi-fed 1
544
5
fff-fee 1
be-fee 1
ihf-fee 1
bbaa-fee 1
ecb-fee 1
545
5
dfe-fef 1
bbfh-fef 1
bdad-fef 1
je-fef 2
bfdg-fef 10
546
6
bd-feg 1
ihh-feg 1
bi-feg 1
ijc-feg 1
hgh-feg 5
bcgj-feg 1
547
5
bch-feh 1
bbdc-feh 1
hei-feh 1
chc-feh 1
djg-feh 1
548
6
fbi-fei 1
dbc-fei 1
ffc-fei 1
eeg-fei 1
bcgi-fei 1
begd-fei 4
549
4
eji-fej 1
gcg-fej 1
hhe-fej 1
dfe-fej 1
550
5
df-ffa 1
dce-ffa 1
bfef-ffa 2
idb-ffa 1
gch-ffa 1
551
7
dab-ffb 1
cbd-ffb 1
gda-ffb 1
ica-ffb 1
i-ffb 1
jfe-ffb 1
cfd-ffb 1
552
4
bdj-ffc 1
ejg-ffc 1
bgc-ffc 1
hbb-ffc 1
553
3
jaf-ffd 1
dij-ffd 1
eia-ffd 1
554
2
baba-ffe 1
hdc-ffe 1
555
7
edi-fff 1
chc-fff 1
fgj-fff 1
jbf-fff 1
baae-fff 1
baj-fff 1
hfd-fff 1
556
1
ffi-ffg 1
557
2
fja-ffh 1
e-ffh 1
558
5
fed-ffi 1
gaj-ffi 1
bcdd-ffi 1
cif-ffi 1
cdj-ffi 1
559
4
dfd-ffj 1
gih-ffj 1
gfi-ffj 1
baid-ffj 1
560
8
cie-fga 1
gei-fga 1
eae-fga 1
bdib-fga 1
ceb-fga 1
bhe-fga 2
igi-fga 1
bbhg-fga 1
561
3
eei-fgb 1
gff-fgb 9
dba-fgb 1
562
5
dbd-fgc 1
cjb-fgc 1
jad-fgc 1
dgd-fgc 1
bagf-fgc 2
563
6
dij-fgd 1
bie-fgd 1
ffa-fgd 1
fb-fgd 1
bfic-fgd 2
bfff-fgd 1
564
2
gjf-fge 3
ibf-fge 1
565
2
def-fgf 1
ha-fgf 1
566
2
bih-fgg 1
ice-fgg 1
567
3
dbh-fgh 1
jcf-fgh 1
jjf-fgh 1
568
4
eeh-fgi 1
bcbi-fgi 1
hjf-fgi 1
dfg-fgi 7
569
4
egh-fgj 1
bdc-fgj 1
gbh-fgj 1
ghj-fgj 5
570
3
bfi-fha 1
fhc-fha 1
bfig-fha 1
571
6
feb-fhb 1
hfe-fhb 1
bajf-fhb 1
beaa-fhb 1
beeb-fhb 3
bfcb-fhb 11
572
6
cba-fhc 1
bbi-fhc 1
hch-fhc 1
ijj-fhc 1
bgea-fhc 1
bfed-fhc 11
573
4
dgi-fhd 1
dea-fhd 1
cih-fhd 1
hic-fhd 1
574
5
dic-fhe 1
ebh-fhe 1
gge-fhe 1
hci-fhe 1
jbe-fhe 1
575
2
gad-fhf 1
ffb-fhf 1
576
4
da-fhg 1
fjc-fhg 1
jbb-fhg 1
bbfh-fhg 1
577
1
cba-fhh 1
578
4
bja-fhi 4
idd-fhi 1
jcb-fhi 2
bcgj-fhi 1
579
5
ii-fhj 1
fgf-fhj 1
gaj-fhj 1
fag-fhj 1
bgde-fhj 1
580
4
cdd-fia 1
bb-fia 1
gcc-fia 2
hga-fia 1
581
3
fgb-fib 1
gjb-fib 1
bag-fib 1
582
6
cif-fic 1
ifh-fic 1
ijd-fic 1
hgg-fic 1
bgaj-fic 3
cea-fic 2
583
6
fh-fid 1
cdd-fid 1
hh-fid 1
bbaa-fid 9
cih-fid 2
gif-fid 1
584
3
efe-fie 1
ffb-fie 1
bccf-fie 1
585
4
bbc-fif 1
ibj-fif 1
bfcg-fif 1
gge-fif 2
586
6
bjc-fig 1
gfa-fig 1
eib-fig 1
dec-fig 1
ejg-fig 1
bfj-fig 1
587
3
ed-fih 1
id-fih 1
bcc-fih 1
588
4
haf-fii 1
bagb-fii 1
gde-fii 1
bcfh-fii 1
589
3
fdf-fij 1
ebj-fij 1
bdfi-fij 1
590
3
cih-fja 1
bhf-fja 1
edj-fja 2
591
9
egg-fjb 1
gcg-fjb 1
cij-fjb 1
hc-fjb 1
caa-fjb 1
hae-fjb 3
cja-fjb 1
gef-fjb 2
bggb-fjb 1
592
5
dbg-fjc 1
baee-fjc 1
bcff-fjc 1
hdf-fjc 2
cie-fjc 11
593
2
ecc-fjd 1
cif-fjd 1
594
4
fba-fje 1
hdj-fje 1
hci-fje 1
bbac-fje 1
595
3
fhc-fjf 1
jhf-fjf 1
bahg-fjf 1
596
2
bhg-fjg 1
bcfe-fjg 1
597
6
fdf-fjh 1
ei-fjh 1
babb-fjh 1
ddd-fjh 1
baij-fjh 1
g-fjh 1
598
9
ejc-fji 1
ehf-fji 1
hh-fji 1
bgb-fji 1
iga-fji 1
cdf-fji 1
jbi-fji 1
fij-fji 1
bddi-fji 1
599
3
ddi-fjj 1
bbg-fjj 1
gj-fjj 1
600
4
gie-gaa 1
gjf-gaa 1
gbb-gaa 1
bacj-gaa 10
601
3
ca-gab 1
ejg-gab 1
gdh-gab 12
602
1
cca-gac 1
603
6
bf-gad 1
cdf-gad 1
bjc-gad 1
hij-gad 2
jjh-gad 1
bdfe-gad 4
604
7
ceb-gae 1
bd-gae 1
jci-gae 1
hca-gae 1
bfi-gae 1
eig-gae 1
ghc-gae 1
605
1
bjh-gaf 1
606
5
dgc-gag 1
dff-gag 1
jij-gag 1
bahg-gag 1
bcba-gag 1
607
5
cjc-gah 1
fac-gah 1
cdd-gah 1
iaf-gah 1
ici-gah 1
608
2
daa-gai 1
gff-gai 1
609
4
ccf-gaj 1
di-gaj 8
iae-gaj 1
bcde-gaj 2
610
5
gcb-gba 1
hgc-gba 1
bbge-gba 4
fdi-gba 1
bbib-gba 3
611
6
eja-gbb 1
efh-gbb 1
cgb-gbb 1
dhf-gbb 1
becb-gbb 1
bfjj-gbb 1
612
6
bbh-gbc 1
ga-gbc 1
baab-gbc 1
bej-gbc 1
bbhc-gbc 1
hb-gbc 1
613
4
gca-gbd 1
fcb-gbd 1
cg-gbd 1
bbcd-gbd 1
614
1
bgfd-gbe 10
615
4
fgd-gbf 1
bbeh-gbf 1
ccj-gbf 1
bdcf-gbf 1
616
4
dga-gbg 1
hhb-gbg 1
bbcb-gbg 1
dhh-gbg 1
617
3
dje-gbh 1
ejj-gbh 1
ff-gbh 1
618
7
ej-gbi 1
dbi-gbi 1
ifc-gbi 1
bacg-gbi 1
cfd-gbi 1
dib-gbi 1
bbeh-gbi 1
619
4
gch-gbj 1
eaa-gbj 1
jej-gbj 1
bbfi-gbj 3
620
7
ddd-gca 1
gfd-gca 1
hbg-gca 1
iid-gca 1
haj-gca 1
jig-gca 1
bbfc-gca 1
621
6
cab-gcb 1
bch-gcb 1
bafh-gcb 1
jca-gcb 1
bbbb-gcb 1
bfbd-gcb 2
622
8
iie-gcc 1
gaj-gcc 1
baee-gcc 1
bbii-gcc 1
ejb-gcc 1
bafc-gcc 2
cdh-gcc 2
baad-gcc 1
623
4
ja-gcd 1
egf-gcd 1
bbjd-gcd 1
bgbi-gcd 1
624
3
fai-gce 1
dhb-gce 1
bdfi-gce 1
625
3
daf-gcf 1
cgj-gcf 1
baii-gcf 1
626
4
chg-gcg 1
hgd-gcg 1
cce-gcg 1
ijg-gcg 1
627
5
eja-gch 1
cih-gch 1
ffb-gch 1
fjh-gch 1
bdc-gch 2
628
6
fdc-gci 1
gid-gci 1
bga-gci 1
ghh-gci 1
cea-gci 1
igb-gci 2
629
2
ebb-gcj 1
ged-gcj 1
630
2
bdcf-gda 1
ihh-gda 1
631
4
bdci-gdb 1
cb-gdb 1
bbg-gdb 1
eah-gdb 12
632
5
gbe-gdc 1
ifc-gdc 1
igj-gdc 1
babf-gdc 1
cah-gdc 1
633
4
dgb-gdd 1
hfi-gdd 1
efh-gdd 1
bcag-gdd 1
634
5
gah-gde 1
hed-gde 1
gba-gde 1
baeb-gde 1
cdd-gde 1
635
4
bhc-gdf 1
gfe-gdf 2
hjh-gdf 1
bchf-gdf 2
636
5
gfd-gdg 1
hag-gdg 1
bddj-gdg 4
bajh-gdg 1
db-gdg 1
637
4
if-gdh 1
iih-gdh 1
bdfd-gdh 1
jci-gdh 14
638
1
jcc-gdi 1
639
3
gjg-gdj 1
cei-gdj 1
dib-gdj 1
640
5
eaa-gea 1
jh-gea 1
edi-gea 1
cda-gea 1
dea-gea 1
641
5
eff-geb 1
fcb-geb 1
hfa-geb 1
hhd-geb 1
begg-geb 1
642
2
ffc-gec 1
ihd-gec 1
643
1
bdbj-ged 1
644
1
dda-gee 1
645
4
gij-gef 1
gfh-gef 1
dfi-gef 2
bdgj-gef 1
646
4
baaa-geg 1
cie-geg 1
bfcj-geg 1
gaj-geg 1
647
4
gah-geh 1
iai-geh 1
bjh-geh 1
jg-geh 4
648
4
iba-gei 1
daf-gei 2
eeb-gei 1
ffa-gei 1
649
5
bge-gej 1
gda-gej 1
hgi-gej 2
fec-gej 1
cab-gej 1
650
2
hbc-gfa 1
bgeg-gfa 1
651
4
g-gfb 1
jhj-gfb 10
gfj-gfb 1
bcbi-gfb 1
652
4
bcb-gfc 1
ccf-gfc 1
baha-gfc 1
bche-gfc 1
653
3
gch-gfd 1
hjb-gfd 1
bdbg-gfd 2
654
3
bif-gfe 1
hfa-gfe 1
baci-gfe 3
655
7
ehe-gff 1
bga-gff 1
egf-gff 1
jbi-gff 1
eci-gff 1
idi-gff 11
hh-gff 1
656
4
cef-gfg 1
chc-gfg 1
jaj-gfg 1
bahh-gfg 1
657
4
bi-gfh 1
ffb-gfh 1
iga-gfh 1
jaj-gfh 1
658
5
ech-gfi 1
ghc-gfi 1
jeh-gfi 1
becd-gfi 5
dbd-gfi 1
659
1
bdba-gfj 1
660
3
bhe-gga 1
hhe-gga 1
gbc-gga 1
661
4
bee-ggb 1
eae-ggb 1
igf-ggb 1
bej-ggb 1
662
2
id-ggc 1
bgae-ggc 1
663
4
djj-ggd 1
igd-ggd 1
cjh-ggd 1
jhh-ggd 2
664
9
eeb-gge 1
ehc-gge 1
gaj-gge 1
bdc-gge 1
beai-gge 1
ifg-gge 1
efd-gge 3
bfid-gge 1
beg-gge 1
665
5
feh-ggf 1
ibj-ggf 1
jfj-ggf 2
bcdj-ggf 1
hab-ggf 1
666
4
caf-ggg 1
bih-ggg 1
die-ggg 1
dij-ggg 10
667
1
cab-ggh 1
668
3
cbc-ggi 1
cgh-ggi 2
bfc-ggi 1
670
4
gdh-gha 1
ifc-gha 1
gii-gha 1
bfgj-gha 1
671
6
ccg-ghb 1
bbff-ghb 1
bbfg-ghb 2
idb-ghb 1
bgef-ghb 1
bgae-ghb 1
672
8
efi-ghc 1
fhi-ghc 1
fea-ghc 1
cib-ghc 2
jjf-ghc 1
begg-ghc 1
beid-ghc 3
bch-ghc 1
673
3
did-ghd 1
egj-ghd 2
bae-ghd 1
674
3
cji-ghe 1
ccb-ghe 1
ggg-ghe 1
675
1
ggb-ghf 1
676
4
fhb-ghg 1
dhh-ghg 1
cej-ghg 1
fdj-ghg 1
677
3
bacj-ghh 1
fdi-ghh 1
cbc-ghh 1
678
4
bge-ghi 1
cic-ghi 1
daf-ghi 2
hai-ghi 1
679
5
eig-ghj 1
fcd-ghj 1
fdb-ghj 1
hec-ghj 1
bcbc-ghj 5
680
4
ccg-gia 1
ied-gia 1
hbf-gia 1
egg-gia 1
681
3
ehj-gib 1
bbhf-gib 9
cic-gib 1
682
5
fed-gic 1
gge-gic 1
bjc-gic 1
bbga-gic 1
dhi-gic 1
683
2
ddg-gid 1
cjj-gid 6
684
3
iih-gie 2
ihe-gie 1
ici-gie 1
685
5
gdf-gif 1
bcdi-gif 1
bcig-gif 1
hge-gif 7
jea-gif 3
686
4
cec-gig 1
bbe-gig 1
gj-gig 1
ijf-gig 1
687
5
fic-gih 1
baai-gih 1
die-gih 1
bbfb-gih 1
badc-gih 4
688
3
cgf-gii 1
ib-gii 1
baab-gii 1
689
5
bei-gij 1
fgh-gij 1
ibd-gij 1
ehf-gij 1
ehh-gij 1
690
2
ecd-gja 1
bajc-gja 1
691
1
ebc-gjb 1
692
5
hg-gjc 1
ca-gjc 1
hji-gjc 4
gbe-gjc 7
behb-gjc 6
693
1
gad-gjd 1
694
4
b-gje 1
eca-gje 1
bhc-gje 2
bbdf-gje 1
695
3
dig-gjf 2
hdh-gjf 1
ieg-gjf 3
696
6
dci-gjg 1
bbic-gjg 1
egg-gjg 1
bdda-gjg 2
behg-gjg 2
bfb-gjg 1
697
3
cje-gjh 1
dfd-gjh 1
cbg-gjh 3
698
2
ghe-gji 1
bbgf-gji 1
699
4
cg-gjj 1
fbi-gjj 1
hhe-gjj 1
iii-gjj 1
700
4
bjj-haa 1
dg-haa 1
dbe-haa 1
bcea-haa 1
701
3
gc-hab 1
fij-hab 1
bcfg-hab 1
702
4
gid-hac 1
gdb-hac 1
eif-hac 1
bcbg-hac 1
703
1
iec-had 1
704
6
fac-hae 1
ije-hae 1
idb-hae 1
bbic-hae 5
hea-hae 2
chi-hae 4
705
5
gic-haf 1
bbcd-haf 1
jji-haf 1
cdd-haf 1
jda-haf 18
706
6
dfg-hag 1
dic-hag 1
hje-hag 2
bcgb-hag 1
beje-hag 1
ecj-hag 1
707
4
dcd-hah 1
ghg-hah 1
efj-hah 1
fda-hah 3
708
3
bfh-hai 1
hfh-hai 1
bce-hai 1
709
1
bdjj-haj 6
710
3
gee-hba 1
bdbi-hba 1
bega-hba 1
711
4
eee-hbb 1
cfb-hbb 1
cgj-hbb 1
fac-hbb 1
712
3
ffc-hbc 1
jdg-hbc 1
bdif-hbc 1
713
6
eij-hbd 1
iah-hbd 1
jjf-hbd 1
bei-hbd 1
bcbd-hbd 1
bdff-hbd 5
714
3
fji-hbe 2
edh-hbe 1
fc-hbe 3
715
3
fcf-hbf 1
dga-hbf 1
jf-hbf 1
716
5
gde-hbg 1
ife-hbg 1
egh-hbg 1
jh-hbg 1
bdjf-hbg 1
717
4
dbj-hbh 1
ifg-hbh 1
babe-hbh 4
ci-hbh 2
718
2
egd-hbi 1
jfh-hbi 1
719
2
jge-hbj 3
bedf-hbj 7
720
7
g-hca 1
hcf-hca 1
ejj-hca 1
cib-hca 1
jid-hca 1
ead-hca 1
ibe-hca 1
721
5
cha-hcb 1
jba-hcb 1
bahd-hcb 10
bdfa-hcb 1
ffe-hcb 1
722
2
cie-hcc 1
iee-hcc 1
723
5
hhf-hcd 1
bgi-hcd 2
jee-hcd 7
ghf-hcd 1
bdhb-hcd 1
724
7
gfj-hce 1
eab-hce 1
bde-hce 1
dha-hce 1
beaf-hce 1
bchf-hce 1
ejf-hce 1
725
5
cih-hcf 1
b-hcf 2
hhc-hcf 1
gad-hcf 4
bbae-hcf 1
726
4
ja-hcg 1
jjg-hcg 1
ibf-hcg 3
baed-hcg 2
727
4
fci-hch 1
jcb-hch 1
gdg-hch 1
ghe-hch 1
728
5
geh-hci 1
baef-hci 1
bdff-hci 1
fbf-hci 1
ggi-hci 2
729
6
eec-hcj 1
hdb-hcj 1
ejb-hcj 1
bbbg-hcj 1
jd-hcj 1
bbgd-hcj 2
730
5
eda-hda 1
ffb-hda 1
ea-hda 1
dec-hda 1
idc-hda 1
731
4
fei-hdb 1
jh-hdb 1
bfhg-hdb 5
bejg-hdb 2
732
6
cbi-hdc 1
jbf-hdc 2
cej-hdc 1
bdac-hdc 2
gig-hdc 1
befb-hdc 2
733
4
ejb-hdd 1
bdg-hdd 2
cih-hdd 1
bcf-hdd 1
734
3
gdj-hde 1
bbjf-hde 1
jfh-hde 2
735
5
fad-hdf 1
gbh-hdf 1
bbha-hdf 2
dci-hdf 1
bcfg-hdf 1
736
3
eba-hdg 1
fjc-hdg 5
dac-hdg 1
737
3
fec-hdh 1
ihb-hdh 1
baga-hdh 1
738
3
bic-hdi 1
iae-hdi 1
beah-hdi 2
739
4
bci-hdj 1
eci-hdj 1
haa-hdj 1
jbj-hdj 1
740
8
fdf-hea 1
jjg-hea 1
jb-hea 1
djb-hea 2
bdfd-hea 1
cb-hea 1
befg-hea 2
bcji-hea 1
741
2
fab-heb 1
icg-heb 1
742
4
fai-hec 1
bdhc-hec 2
bfjg-hec 1
bdda-hec 1
743
3
ffe-hed 1
bcbg-hed 1
bfei-hed 1
744
3
gbf-hee 1
ijb-hee 1
bfhd-hee 2
745
5
beg-hef 1
bge-hef 1
gha-hef 1
bjd-hef 5
bfch-hef 1
746
3
ceb-heg 1
bcdd-heg 1
fid-heg 1
747
4
hii-heh 2
ggc-heh 1
ed-heh 1
dcb-heh 1
748
3
ie-hei 1
fad-hei 1
if-hei 1
749
4
gcc-hej 1
cec-hej 1
ccd-hej 1
bgbd-hej 1
750
5
dgc-hfa 1
jga-hfa 1
jhg-hfa 1
bdi-hfa 1
befe-hfa 1
751
5
egc-hfb 1
icd-hfb 1
gc-hfb 1
beh-hfb 1
bff-hfb 1
752
3
gab-hfc 1
gjh-hfc 1
bcdc-hfc 1
753
4
ddc-hfd 1
bad-hfd 1
bcec-hfd 1
eih-hfd 1
754
4
dfb-hfe 1
gac-hfe 1
ejg-hfe 1
bahd-hfe 1
755
3
hge-hff 1
bacc-hff 1
bbci-hff 1
756
3
gfd-hfg 1
ij-hfg 1
bbac-hfg 9
757
5
eci-hfh 1
ihf-hfh 1
ede-hfh 2
ibb-hfh 1
bbaj-hfh 1
758
3
heb-hfi 1
eci-hfi 1
beih-hfi 12
759
3
gaa-hfj 1
jfc-hfj 1
bfhi-hfj 4
760
2
fdb-hga 1
bbg-hga 2
761
6
iaj-hgb 1
bdf-hgb 1
gcc-hgb 1
dfj-hgb 1
hfc-hgb 1
bccd-hgb 1
762
4
dej-hgc 1
hje-hgc 2
fea-hgc 1
fia-hgc 2
763
2
bbfa-hgd 1
bedb-hgd 1
764
3
efg-hge 1
jdc-hge 1
beff-hge 8
765
4
bci-hgf 1
fea-hgf 1
icd-hgf 1
bafe-hgf 2
766
3
ddc-hgg 1
baib-hgg 1
ehf-hgg 1
767
2
dej-hgh 16
deg-hgh 1
768
4
hah-hgi 1
baai-hgi 1
cdb-hgi 1
baja-hgi 4
769
1
bbjj-hgj 1
770
6
ii-hha 1
ihj-hha 2
hdd-hha 1
bi-hha 1
baad-hha 1
dag-hha 1
771
5
fj-hhb 1
dfa-hhb 1
bbaa-hhb 1
bbaj-hhb 1
gfa-hhb 1
772
3
fhc-hhc 1
eia-hhc 1
beff-hhc 3
773
4
ch-hhd 1
gaa-hhd 5
bdec-hhd 1
bbd-hhd 1
774
5
gja-hhe 1
fcd-hhe 1
dji-hhe 1
eff-hhe 2
bdfa-hhe 1
775
4
ed-hhf 1
dag-hhf 1
bafj-hhf 1
bcf-hhf 1
776
4
bcd-hhg 1
hbb-hhg 1
ga-hhg 1
dgd-hhg 1
777
2
ebd-hhh 1
haa-hhh 1
778
2
dcj-hhi 1
bdci-hhi 2
779
7
beb-hhj 1
idc-hhj 1
hie-hhj 1
cbg-hhj 1
chi-hhj 1
bfag-hhj 3
jec-hhj 1
780
3
dbf-hia 1
bbie-hia 1
jdd-hia 2
781
3
ccc-hib 1
bbi-hib 4
bbfb-hib 1
782
4
chh-hic 1
dhd-hic 1
dcc-hic 1
bgcf-hic 4
783
1
bgdg-hid 1
784
2
bjg-hie 1
bgbb-hie 1
785
3
fje-hif 1
cii-hif 1
ggc-hif 1
786
3
gb-hig 1
fig-hig 1
che-hig 1
787
5
eii-hih 1
iaf-hih 1
ddh-hih 3
bfg-hih 1
bdbe-hih 1
788
4
fej-hii 1
djb-hii 1
jaj-hii 1
cgi-hii 7
789
6
fj-hij 1
hag-hij 1
dif-hij 1
bbbd-hij 1
jff-hij 1
bji-hij 2
790
2
fae-hja 1
gbd-hja 1
791
3
cfh-hjb 7
bde-hjb 1
cbb-hjb 1
792
7
hcc-hjc 1
edj-hjc 1
ifd-hjc 1
gaj-hjc 1
bfhe-hjc 3
hbi-hjc 1
bbfi-hjc 3
793
2
bbd-hjd 1
fef-hjd 12
794
2
bdja-hje 7
fgj-hje 5
795
3
gid-hjf 1
beji-hjf 2
edj-hjf 5
796
7
cfa-hjg 1
gci-hjg 1
eda-hjg 1
igd-hjg 1
jgg-hjg 1
gdj-hjg 1
jdh-hjg 1
797
2
caj-hjh 1
bcg-hjh 1
798
3
bba-hji 1
iac-hji 1
hfj-hji 5
799
7
bgc-hjj 1
bace-hjj 1
fgd-hjj 1
beea-hjj 1
cjf-hjj 1
gah-hjj 1
fe-hjj 1
800
6
cij-iaa 1
deb-iaa 1
eef-iaa 1
ead-iaa 1
dhc-iaa 9
jcg-iaa 7
801
3
cdh-iab 1
ech-iab 5
bdbh-iab 1
802
3
eic-iac 1
hbi-iac 1
hia-iac 1
803
5
cba-iad 1
d-iad 1
jcd-iad 1
cgd-iad 1
dd-iad 1
804
5
cib-iae 1
bcd-iae 1
cdf-iae 8
fjd-iae 1
cjg-iae 1
805
4
ejf-iaf 1
gjf-iaf 2
jd-iaf 1
ecj-iaf 1
806
4
bage-iag 9
ihd-iag 1
ejg-iag 1
begg-iag 1
807
2
fei-iah 1
dad-iah 1
808
4
jh-iai 1
gf-iai 1
beja-iai 1
dje-iai 3
809
3
gbh-iaj 1
gci-iaj 1
bddg-iaj 1
810
5
bcb-iba 1
bafb-iba 2
bbba-iba 2
bbbj-iba 1
ejb-iba 1
811
2
iha-ibb 1
bead-ibb 1
812
2
egb-ibc 1
bbgf-ibc 1
813
2
bdhd-ibd 2
bgcj-ibd 3
814
3
fba-ibe 2
jbe-ibe 1
bbcc-ibe 2
815
3
dje-ibf 1
bffh-ibf 2
dih-ibf 1
816
4
efj-ibg 1
ceb-ibg 1
fhg-ibg 1
bafg-ibg 1
817
3
eja-ibh 5
bahj-ibh 1
babb-ibh 6
818
5
fii-ibi 1
gi-ibi 1
bjc-ibi 1
jib-ibi 1
fdi-ibi 1
819
4
hae-ibj 1
bbdb-ibj 1
bbcd-ibj 1
dfd-ibj 2
820
5
jde-ica 1
bcfh-ica 1
edc-ica 1
dgi-ica 1
becf-ica 1
821
3
fhj-icb 1
fib-icb 1
hfi-icb 12
822
2
fdh-icc 1
edb-icc 1
823
5
jaa-icd 1
eig-icd 1
hcd-icd 1
jaj-icd 2
hj-icd 3
824
3
hgi-ice 1
jfh-ice 1
ehd-ice 9
825
4
cih-icf 1
dbb-icf 1
bcha-icf 1
fce-icf 3
826
3
bjj-icg 9
bcdi-icg 2
gcg-icg 1
827
2
djd-ich 1
beei-ich 1
828
3
dfa-ici 1
cj-ici 1
jc-ici 10
829
2
hbe-icj 1
jie-icj 1
830
5
hee-ida 1
jbh-ida 1
bhf-ida 1
ehj-ida 1
bcfd-ida 2
831
7
fce-idb 1
jcb-idb 1
cdh-idb 1
bach-idb 1
bfjd-idb 1
cii-idb 1
ghi-idb 1
832
3
gjg-idc 4
djj-idc 1
iij-idc 1
833
4
fj-idd 1
bbah-idd 1
fih-idd 1
bfda-idd 2
834
1
fgc-ide 1
835
5
dh-idf 1
jhi-idf 1
efa-idf 1
dii-idf 1
bajg-idf 1
836
4
ic-idg 1
bfi-idg 1
bagf-idg 1
dhd-idg 2
837
3
bad-idh 1
gdg-idh 1
hhg-idh 1
838
5
hhc-idi 1
baeh-idi 1
bbdd-idi 1
bgfa-idi 8
ech-idi 3
839
3
bcc-idj 1
bgf-idj 1
fdj-idj 1
840
4
chb-iea 1
eeb-iea 1
bij-iea 1
bebf-iea 10
841
3
fhb-ieb 2
bdaj-ieb 1
bbie-ieb 1
842
5
hfh-iec 1
iff-iec 1
fgf-iec 1
hfg-iec 8
bbca-iec 1
843
4
bbid-ied 2
hhb-ied 1
jac-ied 2
bche-ied 1
844
3
efc-iee 1
baje-iee 1
bdcd-iee 1
845
4
hag-ief 1
bfc-ief 2
ea-ief 1
bbah-ief 2
846
5
ebg-ieg 1
hcd-ieg 1
fjj-ieg 1
ffh-ieg 1
idd-ieg 2
847
4
bjg-ieh 1
caj-ieh 1
bge-ieh 1
bchj-ieh 2
848
6
efg-iei 2
dbf-iei 1
gdf-iei 1
hgi-iei 2
behf-iei 1
bcgb-iei 1
849
2
bdi-iej 1
bbh-iej 9
850
5
hcf-ifa 3
ccc-ifa 1
bbbi-ifa 1
bdbe-ifa 1
bdih-ifa 1
851
3
fgh-ifb 1
dfh-ifb 2
bagh-ifb 1
852
6
bchg-ifc 7
gfa-ifc 1
fdj-ifc 1
ejj-ifc 1
cee-ifc 1
jid-ifc 2
853
4
bah-ifd 1
ijh-ifd 1
bbhd-ifd 4
cf-ifd 2
854
3
bbdj-ife 1
hjf-ife 6
dad-ife 3
855
5
fb-iff 1
bjb-iff 1
jgf-iff 1
cgi-iff 1
efe-iff 3
856
3
jci-ifg 1
bgeb-ifg 3
be-ifg 2
857
4
eif-ifh 1
baga-ifh 1
baai-ifh 1
cid-ifh 1
858
2
bcci-ifi 1
badf-ifi 1
859
1
chb-ifj 1
860
2
gfj-iga 1
ebb-iga 1
861
2
gb-igb 1
cif-igb 2
862
3
eaf-igc 1
gh-igc 1
bcgi-igc 2
863
3
ife-igd 1
ggg-igd 1
hfd-igd 1
864
3
dbi-ige 1
hjc-ige 2
dbj-ige 1
865
1
egi-igf 1
866
1
babd-igg 1
867
1
hag-igh 1
868
3
gag-igi 1
bcbj-igi 1
bbg-igi 1
869
4
gih-igj 1
dde-igj 1
jba-igj 1
bdie-igj 1
870
4
hgf-iha 2
jfa-iha 1
bbfe-iha 1
bcdj-iha 9
871
2
eii-ihb 1
bbcj-ihb 1
872
3
eba-ihc 1
jfd-ihc 1
ehj-ihc 1
873
4
behh-ihd 4
bbdd-ihd 4
bgei-ihd 1
fj-ihd 1
874
3
hdi-ihe 1
hdj-ihe 1
hdg-ihe 1
875
5
eh-ihf 1
ijj-ihf 1
cfb-ihf 1
bbad-ihf 4
bfcc-ihf 1
876
4
gbf-ihg 1
cdj-ihg 1
gij-ihg 1
bcj-ihg 1
877
3
eef-ihh 1
cib-ihh 1
gih-ihh 1
878
5
gjh-ihi 1
jg-ihi 1
hdb-ihi 1
bdgf-ihi 9
bebh-ihi 1
879
2
caf-ihj 3
cef-ihj 1
880
3
fgb-iia 9
hfh-iia 1
fid-iia 1
881
5
id-iib 2
bafa-iib 1
baeb-iib 6
chd-iib 1
cfb-iib 1
882
4
iie-iic 1
fag-iic 2
gfa-iic 1
jje-iic 2
883
4
cej-iid 1
ffa-iid 1
iae-iid 1
bfei-iid 1
884
5
bec-iie 1
jee-iie 1
bgc-iie 1
cbb-iie 1
bejf-iie 1
885
2
hif-iif 1
bbei-iif 1
886
3
hcg-iig 1
hjb-iig 1
ddg-iig 1
887
1
hbj-iih 9
888
1
bbib-iii 1
889
1
baaa-iij 2
890
3
iaa-ija 1
bcfe-ija 1
dbj-ija 1
891
1
ega-ijb 1
892
4
bbf-ijc 1
hg-ijc 1
cgi-ijc 1
bcij-ijc 1
893
3
gdh-ijd 1
hfi-ijd 2
beda-ijd 11
894
4
bef-ije 1
gda-ije 1
bbbj-ije 1
beef-ije 3
895
2
hei-ijf 1
bj-ijf 1
896
2
ig-ijg 1
behi-ijg 4
897
2
hhg-ijh 1
bii-ijh 1
898
1
gd-iji 1
899
2
cff-ijj 1
iaf-ijj 1
900
3
cf-jaa 1
jbg-jaa 1
bbjh-jaa 2
901
3
djh-jab 1
baej-jab 1
gbe-jab 1
902
5
hca-jac 1
ejj-jac 1
ghg-jac 1
ibb-jac 1
bgg-jac 1
903
3
djc-jad 1
bcij-jad 1
dgj-jad 1
904
3
cja-jae 1
ee-jae 1
bbih-jae 2
905
2
bdig-jaf 1
bgd-jaf 1
906
3
cg-jag 1
cbc-jag 1
bdij-jag 1
907
6
cfe-jah 1
fie-jah 1
bajg-jah 1
bchh-jah 3
bcif-jah 1
baia-jah 3
908
5
hah-jai 1
gbj-jai 4
bbbg-jai 3
bffi-jai 1
efa-jai 1
909
2
iic-jaj 1
ebd-jaj 5
910
3
cgd-jba 1
gej-jba 2
bdef-jba 1
911
2
gjc-jbb 1
dhg-jbb 1
912
2
gbg-jbc 1
jca-jbc 3
913
3
dij-jbd 1
bgh-jbd 1
bfad-jbd 1
914
3
fbj-jbe 1
bbig-jbe 1
de-jbe 1
915
5
gfg-jbf 1
jbe-jbf 1
bedi-jbf 4
hai-jbf 1
cc-jbf 1
916
5
igc-jbg 1
bjd-jbg 1
ehd-jbg 3
baie-jbg 2
bdid-jbg 1
917
3
bji-jbh 1
babf-jbh 2
dbd-jbh 2
918
2
hai-jbi 1
bdcc-jbi 7
919
5
ieg-jbj 1
hdc-jbj 1
jhb-jbj 1
ejd-jbj 1
daa-jbj 1
920
4
idf-jca 2
jde-jca 1
jfg-jca 4
fdh-jca 1
921
4
ihh-jcb 1
hhf-jcb 1
faj-jcb 1
gae-jcb 1
922
3
fej-jcc 1
fjg-jcc 1
gfb-jcc 2
923
4
ied-jcd 1
bagh-jcd 1
hgh-jcd 2
jcc-jcd 1
924
1
bafi-jce 1
925
3
igj-jcf 1
djc-jcf 1
ghe-jcf 1
926
3
babe-jcg 1
cfj-jcg 1
ggg-jcg 8
927
1
hhh-jch 1
928
6
hhe-jci 1
fch-jci 1
fb-jci 1
beia-jci 1
bfbf-jci 13
gih-jci 4
930
3
cjb-jda 1
bgdf-jda 1
bdig-jda 18
931
5
bbaj-jdb 1
jji-jdb 1
cgf-jdb 1
hge-jdb 2
jhc-jdb 1
932
3
hbh-jdc 1
gdh-jdc 1
jc-jdc 1
933
3
dic-jdd 1
dhc-jdd 2
ffh-jdd 1
934
6
bie-jde 1
baad-jde 1
bcjb-jde 1
bdgi-jde 1
bi-jde 5
ha-jde 1
936
7
ibi-jdg 1
fbf-jdg 1
dhj-jdg 2
gea-jdg 1
bhb-jdg 1
bh-jdg 1
cjh-jdg 1
937
1
ea-jdh 1
938
1
dfb-jdi 1
939
4
ja-jdj 1
eic-jdj 1
jfj-jdj 1
dhb-jdj 1
940
2
ije-jea 2
ef-jea 1
941
1
jad-jeb 1
942
5
ehc-jec 1
bgb-jec 1
dae-jec 1
bdfg-jec 1
badg-jec 1
943
1
djc-jed 1
944
4
ceg-jee 1
ej-jee 1
cfg-jee 1
hjb-jee 7
945
5
beh-jef 1
fad-jef 1
bbfe-jef 1
badj-jef 4
bbje-jef 3
946
2
bbj-jeg 1
baib-jeg 1
947
3
ddj-jeh 1
bafe-jeh 1
bgdb-jeh 1
948
2
eff-jei 1
jja-jei 1
949
3
fgj-jej 1
dch-jej 4
ehb-jej 4
950
4
bhe-jfa 2
iec-jfa 1
chb-jfa 1
fdj-jfa 3
951
3
cge-jfb 1
bbdb-jfb 1
ebb-jfb 1
952
3
cgh-jfc 2
jgb-jfc 9
egb-jfc 1
953
2
fbd-jfd 2
babc-jfd 4
954
4
egf-jfe 1
bcif-jfe 1
bfgb-jfe 11
c-jfe 2
955
3
ee-jff 1
egg-jff 1
bfeb-jff 1
956
4
fic-jfg 1
ghc-jfg 1
bccb-jfg 2
ega-jfg 2
957
5
eij-jfh 1
ddc-jfh 1
fdf-jfh 3
gfb-jfh 9
bffj-jfh 2
958
4
eib-jfi 1
bbj-jfi 6
dii-jfi 1
befa-jfi 7
959
5
bcc-jfj 1
jfa-jfj 1
bcaj-jfj 1
bdhe-jfj 12
eac-jfj 1
960
5
fdf-jga 1
bagg-jga 1
bfab-jga 1
bfcf-jga 1
bfcd-jga 13
961
1
ecd-jgb 9
962
5
ied-jgc 1
babj-jgc 1
bba-jgc 1
cfa-jgc 1
ibd-jgc 2
963
1
ghb-jgd 1
964
5
dda-jge 1
bagf-jge 1
gbf-jge 1
bedj-jge 1
bcgj-jge 3
965
5
fbf-jgf 1
hhj-jgf 1
i-jgf 2
fjd-jgf 1
bhg-jgf 1
966
3
cfd-jgg 1
bajc-jgg 1
heh-jgg 1
967
2
jcb-jgh 1
dfc-jgh 1
968
2
gjf-jgi 1
iae-jgi 8
970
4
efh-jha 1
ghd-jha 2
bea-jha 1
jia-jha 3
971
1
ejg-jhb 1
972
4
eej-jhc 2
ced-jhc 1
gga-jhc 1
hei-jhc 1
973
2
geb-jhd 1
gba-jhd 6
974
3
jae-jhe 1
jih-jhe 1
bbai-jhe 1
975
4
gid-jhf 1
fch-jhf 1
bajj-jhf 7
behe-jhf 3
976
2
fbi-jhg 1
hde-jhg 2
977
3
gej-jhh 1
bfia-jhh 1
gab-jhh 1
978
3
fca-jhi 1
bagi-jhi 1
bcj-jhi 1
979
1
eei-jhj 10
980
7
hdd-jia 1
baac-jia 1
bje-jia 1
baca-jia 1
bded-jia 2
ecc-jia 1
ddg-jia 1
981
4
bab-jib 1
gda-jib 1
iac-jib 1
bjf-jib 1
982
2
hff-jic 1
igj-jic 1
983
4
jff-jid 1
cag-jid 1
bdgd-jid 1
bgfj-jid 2
984
3
hdb-jie 1
baih-jie 1
cij-jie 1
985
4
hah-jif 2
dge-jif 1
bb-jif 2
bdih-jif 1
986
3
bbe-jig 1
bafi-jig 1
gha-jig 2
987
3
jhi-jih 1
gfi-jih 1
bfa-jih 1
988
4
bjh-jii 1
ihe-jii 1
ddf-jii 2
cei-jii 1
989
2
ge-jij 1
bah-jij 1
990
1
idh-jja 1
991
6
ihg-jjb 1
bdi-jjb 1
jif-jjb 1
hja-jjb 1
ieg-jjb 1
cjc-jjb 1
992
3
jhg-jjc 1
jbg-jjc 1
bcgb-jjc 4
993
1
daj-jjd 1
994
5
hdd-jje 1
badd-jje 1
baig-jje 2
bbcg-jje 2
ej-jje 1
995
2
hja-jjf 1
ccf-jjf 1
996
2
efa-jjg 1
gfc-jjg 1
997
1
geh-jjh 1
998
2
hef-jji 1
j-jji 1
999
3
edg-jjj 1
baea-jjj 1
bcci-jjj 13
1000
1
fgi-baaa 8
1001
5
jeg-baab 1
ifd-baab 1
bbdf-baab 1
bc-baab 1
efi-baab 1
1002
2
hig-baac 1
jbh-baac 2
1003
4
ehj-baad 1
jcd-baad 1
bbbh-baad 2
ceb-baad 6
1004
2
dib-baae 1
eje-baae 2
1005
2
baae-baaf 1
bdej-baaf 1
1006
5
fc-baag 1
cdc-baag 1
jci-baag 3
beja-baag 1
ffj-baag 1
1007
2
baef-baah 1
jab-baah 1
1008
4
dgd-baai 1
bacb-baai 1
baha-baai 2
igj-baai 1
1009
1
ceb-baaj 1
1010
5
dfi-baba 1
haj-baba 1
bbfb-baba 1
jdf-baba 1
ehi-baba 3
1011
3
ggi-babb 1
edh-babb 1
djh-babb 7
1012
5
jga-babc 1
ege-babc 1
baif-babc 1
if-babc 1
beag-babc 2
1013
3
gec-babd 1
bddi-babd 1
dfe-babd 2
1014
4
cjc-babe 1
ebj-babe 5
ije-babe 1
dbj-babe 1
1015
2
ceg-babf 1
begj-babf 5
1016
3
bbdj-babg 1
beba-babg 3
bdhd-babg 2
1017
2
cbg-babh 1
baia-babh 1
1018
3
gd-babi 1
baij-babi 8
cdb-babi 3
1019
3
bbcg-babj 1
fdc-babj 1
bfib-babj 1
1020
1
igh-baca 1
1021
6
jg-bacb 1
heb-bacb 1
jce-bacb 1
bcje-bacb 1
bgbj-bacb 1
jhb-bacb 1
1022
3
feg-bacc 1
hbc-bacc 1
gdb-bacc 11
1023
1
jgf-bacd 1
1024
2
dhb-bace 1
bbcd-bace 1
1025
1
ifd-bacf 1
1026
2
cja-bacg 1
bgdb-bacg 1
1027
3
fdd-bach 1
baag-bach 1
bih-bach 2
1028
2
egi-baci 1
ejc-baci 3
1029
4
ib-bacj 1
iha-bacj 10
ibj-bacj 1
bada-bacj 1
1030
4
bbcf-bada 1
hej-bada 1
gdb-bada 1
ecj-bada 1
1031
3
bdf-badb 2
dcd-badb 1
bddf-badb 1
1032
3
cad-badc 1
hfg-badc 1
ifg-badc 4
1033
3
jc-badd 1
bcac-badd 1
gh-badd 1
1034
1
ega-bade 1
1035
1
fgh-badf 1
1036
2
jhi-badg 1
bbbf-badg 1
1037
2
fhe-badh 1
bbgj-badh 1
1038
2
ghg-badi 1
bbdi-badi 4
1039
4
ff-badj 1
ijj-badj 1
bbhf-badj 1
bjf-badj 5
1040
4
jgg-baea 1
cid-baea 1
he-baea 1
hdd-baea 1
1041
4
iag-baeb 1
fd-baeb 1
bbaf-baeb 1
bdcj-baeb 6
1042
5
jha-baec 4
bcac-baec 1
jaa-baec 1
ccb-baec 1
hbg-baec 3
1043
1
djc-baed 2
1044
1
baeg-baee 2
1045
4
efd-baef 1
bdbf-baef 1
fi-baef 1
gj-baef 1
1046
4
hhd-baeg 1
jdc-baeg 1
baic-baeg 1
bcef-baeg 2
1047
2
dfd-baeh 1
ihg-baeh 1
1048
4
chj-baei 1
bhc-baei 1
bcig-baei 3
bagg-baei 3
1049
4
hih-baej 1
bdij-baej 1
bdfj-baej 8
bbhh-baej 11
1050
5
hgc-bafa 1
babe-bafa 2
jdj-bafa 1
cff-bafa 1
dgj-bafa 2
1051
4
baah-bafb 1
bcji-bafb 1
bbbd-bafb 2
gdg-bafb 4
1052
4
jce-bafc 1
hii-bafc 2
gfg-bafc 1
bbef-bafc 1
1053
2
fei-bafd 1
cfa-bafd 1
1054
3
dhc-bafe 1
fdd-bafe 4
bgf-bafe 1
1055
2
hcj-baff 1
bfif-baff 10
1056
1
fdd-bafg 2
1057
1
jbd-bafh 1
1058
4
bhj-bafi 1
chi-bafi 1
bbgf-bafi 1
bag-bafi 1
1059
3
gfi-bafj 1
bcag-bafj 1
hef-bafj 5
1060
2
ded-baga 1
bbag-baga 2
1061
2
fhb-bagb 11
bcgd-bagb 1
1062
1
gie-bagc 1
1063
3
beg-bagd 1
hgd-bagd 1
ibg-bagd 1
1064
4
jfb-bage 1
babh-bage 1
bbcj-bage 1
jhf-bage 11
1065
2
bgd-bagf 1
bede-bagf 6
1066
5
jid-bagg 1
baie-bagg 1
bbgh-bagg 1
fcb-bagg 2
hgb-bagg 1
1067
6
jbd-bagh 1
ijg-bagh 1
cgf-bagh 2
eab-bagh 1
cde-bagh 1
gje-bagh 2
1068
3
ehh-bagi 1
ggh-bagi 1
bcac-bagi 1
1069
3
jhd-bagj 5
bad-bagj 1
bgj-bagj 1
1070
2
bgcc-baha 4
bcgf-baha 2
1071
2
cgc-bahb 1
bgah-bahb 1
1072
1
hbg-bahc 1
1073
6
efa-bahd 1
dii-bahd 1
bcgf-bahd 1
behd-bahd 1
dbb-bahd 8
beij-bahd 2
1074
1
bcdi-bahe 1
1075
2
bagd-bahf 1
ffi-bahf 1
1076
2
bgc-bahg 1
gjc-bahg 16
1077
4
hea-bahh 1
bahg-bahh 1
bedg-bahh 1
jab-bahh 1
1078
4
hab-bahi 1
ceh-bahi 1
ghc-bahi 2
ia-bahi 1
1079
2
ghi-bahj 1
fbe-bahj 1
1080
3
jif-baia 1
gaf-baia 1
bgg-baia 3
1081
2
iac-baib 1
hih-baib 1
1082
3
babi-baic 1
iaa-baic 1
bcgg-baic 1
1083
2
ib-baid 1
bejd-baid 1
1084
5
iaf-baie 1
bade-baie 1
chg-baie 1
bai-baie 1
efc-baie 1
1085
1
jcb-baif 1
1086
4
edd-baig 1
ihc-baig 1
hif-baig 1
jgh-baig 1
1087
6
gcf-baih 1
bbgd-baih 1
eea-baih 1
bcej-baih 1
becj-baih 2
bcgf-baih 1
1088
2
ffj-baii 1
bbab-baii 1
1089
3
bfh-baij 1
bha-baij 1
ife-baij 7
1090
4
bif-baja 1
cgg-baja 1
bcfj-baja 2
cdh-baja 2
1091
3
ji-bajb 1
bdfg-bajb 1
bafj-bajb 1
1092
3
hih-bajc 1
bbae-bajc 1
dhb-bajc 1
1093
4
hha-bajd 2
hhg-bajd 1
edc-bajd 1
bfjc-bajd 1
1094
4
iej-baje 3
hhe-baje 1
bdab-baje 1
gfi-baje 4
1095
5
eca-bajf 1
jcd-bajf 1
jeb-bajf 1
bbgi-bajf 6
bcje-bajf 1
1096
2
cgf-bajg 1
fi-bajg 1
1097
2
hba-bajh 1
bia-bajh 1
1098
2
baje-baji 7
bhf-baji 1
1099
3
ejh-bajj 1
eci-bajj 1
bajf-bajj 7
1100
3
ghb-bbaa 1
bcfa-bbaa 10
beeg-bbaa 1
1101
2
cde-bbab 1
bbfc-bbab 2
1102
4
iif-bbac 1
fed-bbac 1
bejd-bbac 1
dce-bbac 7
1103
2
bbag-bbad 2
jbh-bbad 3
1104
6
gid-bbae 1
eah-bbae 1
hg-bbae 1
gc-bbae 3
bgba-bbae 1
bcfc-bbae 1
1105
2
eff-bbaf 1
hhg-bbaf 1
1106
1
gff-bbag 4
1107
4
cja-bbah 1
fhe-bbah 1
beci-bbah 2
bfjh-bbah 1
1108
3
bafj-bbai 1
bhj-bbai 1
bdch-bbai 1
1109
1
ich-bbaj 1
1110
5
hde-bbba 1
babb-bbba 1
cgd-bbba 1
hdb-bbba 5
jid-bbba 1
1111
1
hed-bbbb 1
1113
4
icb-bbbd 1
baec-bbbd 2
bbh-bbbd 1
bgab-bbbd 2
1114
3
bcc-bbbe 2
dhj-bbbe 2
bccj-bbbe 5
1115
3
gej-bbbf 1
faj-bbbf 1
cef-bbbf 1
1116
3
ief-bbbg 2
baci-bbbg 1
icb-bbbg 2
1117
2
ehg-bbbh 2
bagc-bbbh 1
1118
2
bac-bbbi 1
gee-bbbi 1
1119
3
big-bbbj 1
bahe-bbbj 1
bgdj-bbbj 1
1120
2
bdd-bbca 1
jcc-bbca 1
1121
6
djj-bbcb 1
ccc-bbcb 1
jfd-bbcb 1
fbc-bbcb 1
iee-bbcb 1
hih-bbcb 1
1122
2
hbd-bbcc 5
bgf-bbcc 1
1123
3
baii-bbcd 1
jjd-bbcd 1
gje-bbcd 1
1124
2
iff-bbce 1
gde-bbce 1
1125
2
bbae-bbcf 1
fhc-bbcf 11
1126
3
fcg-bbcg 1
bdid-bbcg 1
ccj-bbcg 2
1127
1
icb-bbch 1
1128
2
bie-bbci 1
babh-bbci 1
1129
2
hee-bbcj 1
bbbb-bbcj 1
1130
3
jde-bbda 5
ehh-bbda 1
bbji-bbda 1
1131
5
bbf-bbdb 1
hjj-bbdb 1
ifa-bbdb 4
bfdj-bbdb 1
idc-bbdb 3
1132
1
jh-bbdc 1
1133
5
fgh-bbdd 1
gid-bbdd 1
eii-bbdd 1
beb-bbdd 1
bci-bbdd 4
1134
1
jif-bbde 3
1135
3
baed-bbdf 1
gbi-bbdf 2
gbc-bbdf 1
1136
3
bhc-bbdg 1
bid-bbdg 1
bgdc-bbdg 2
1137
3
eef-bbdh 1
bcjd-bbdh 1
ghb-bbdh 2
1138
3
baee-bbdi 1
hbh-bbdi 3
bcba-bbdi 1
1139
1
ghi-bbdj 1
1140
3
dfh-bbea 1
cga-bbea 1
df-bbea 1
1141
5
bbae-bbeb 3
ihd-bbeb 6
bbde-bbeb 2
bffc-bbeb 1
ji-bbeb 1
1142
2
cai-bbec 1
bcie-bbec 4
1143
1
jc-bbed 1
1144
2
gcj-bbee 1
bdee-bbee 2
1145
4
fjf-bbef 1
fjb-bbef 5
badd-bbef 1
ce-bbef 1
1146
3
eca-bbeg 1
bcjg-bbeg 1
bgbc-bbeg 1
1147
2
ghj-bbeh 1
eg-bbeh 1
1148
2
gej-bbei 1
eif-bbei 1
1149
3
fci-bbej 2
fja-bbej 2
bcbb-bbej 5
1150
2
jf-bbfa 1
bacc-bbfa 1
1151
5
fgd-bbfb 1
bbgg-bbfb 2
baji-bbfb 3
ghj-bbfb 1
bdah-bbfb 1
1152
2
ibh-bbfc 4
bfej-bbfc 1
1153
4
eaa-bbfd 2
ebc-bbfd 1
bdcj-bbfd 1
bdje-bbfd 1
1154
2
chg-bbfe 1
bbgi-bbfe 2
1155
6
fcc-bbff 2
jig-bbff 1
dbh-bbff 1
ihi-bbff 1
hg-bbff 1
bdjd-bbff 2
1156
4
fea-bbfg 1
eee-bbfg 1
bcjh-bbfg 1
bfee-bbfg 7
1157
3
efd-bbfh 1
gec-bbfh 1
bbjg-bbfh 2
1158
3
bbej-bbfi 8
bace-bbfi 1
bfhb-bbfi 2
1159
4
babh-bbfj 1
cbc-bbfj 2
ifc-bbfj 7
cje-bbfj 1
1160
2
jbc-bbga 4
eji-bbga 1
1161
4
iic-bbgb 1
jff-bbgb 1
hgd-bbgb 1
hi-bbgb 3
1162
1
bafa-bbgc 1
1163
1
bgag-bbgd 2
1164
4
ddd-bbge 1
eb-bbge 2
bbff-bbge 2
ihg-bbge 1
1165
1
fcj-bbgf 1
1166
4
bcde-bbgg 1
bdai-bbgg 1
ca-bbgg 1
gfh-bbgg 1
1167
1
bbei-bbgh 1
1168
4
jab-bbgi 1
bdgi-bbgi 1
bfi-bbgi 1
jgi-bbgi 7
1169
4
bbcj-bbgj 1
hjc-bbgj 1
bejh-bbgj 2
eah-bbgj 1
1170
2
fbe-bbha 1
begi-bbha 3
1171
2
djd-bbhb 1
iec-bbhb 8
1172
3
jdi-bbhc 1
cbh-bbhc 1
bca-bbhc 1
1173
4
ece-bbhd 1
bdb-bbhd 2
bced-bbhd 1
j-bbhd 2
1174
4
id-bbhe 1
gfe-bbhe 1
bbgb-bbhe 3
fh-bbhe 1
1175
3
dia-bbhf 9
baif-bbhf 1
bfec-bbhf 1
1177
2
bcjf-bbhh 1
beee-bbhh 10
1178
2
hgi-bbhi 1
bfge-bbhi 1
1179
1
c-bbhj 1
1180
3
ij-bbia 1
ei-bbia 1
edb-bbia 1
1181
1
bdi-bbib 3
1182
2
iab-bbic 6
befc-bbic 1
1183
1
bbdd-bbid 2
1184
3
def-bbie 1
dee-bbie 1
bbhj-bbie 1
1185
2
bij-bbif 1
dcj-bbif 2
1186
1
cig-bbig 1
1187
2
bfd-bbih 1
gc-bbih 2
1188
2
jhc-bbii 1
bfgf-bbii 9
1189
3
beci-bbij 1
bbdf-bbij 2
cdd-bbij 1
1190
2
bacb-bbja 2
fec-bbja 6
1191
2
gje-bbjb 1
ffj-bbjb 1
1192
3
bbha-bbjc 1
bhc-bbjc 1
ii-bbjc 1
1193
1
jig-bbjd 1
1194
1
cbd-bbje 3
1195
4
dji-bbjf 1
fcj-bbjf 1
jbg-bbjf 3
haj-bbjf 6
1196
3
hjb-bbjg 1
bagj-bbjg 6
bbfe-bbjg 2
1197
2
jih-bbjh 1
bcjb-bbjh 2
1198
3
bch-bbji 1
hhi-bbji 1
ijh-bbji 1
1199
1
cig-bbjj 1
1200
2
bbie-bcaa 1
bgb-bcaa 2
1201
4
jjj-bcab 1
dfi-bcab 1
bchi-bcab 1
gce-bcab 1
1202
3
fa-bcac 2
hac-bcac 1
had-bcac 1
1203
3
hcd-bcad 1
bgcb-bcad 4
bdf-bcad 2
1204
2
ibg-bcae 2
bdaj-bcae 1
1205
3
jh-bcaf 1
bcda-bcaf 5
bbha-bcaf 2
1206
2
babb-bcag 1
bgch-bcag 3
1207
1
eed-bcah 16
1208
1
bbcj-bcai 1
1209
1
bbji-bcaj 2
1210
2
ejb-bcba 1
gfc-bcba 1
1211
3
hag-bcbb 1
bdbj-bcbb 3
die-bcbb 3
1212
5
bbai-bcbc 1
bcij-bcbc 1
bafj-bcbc 4
dbe-bcbc 1
ef-bcbc 1
1213
1
baca-bcbd 1
1214
2
gda-bcbe 1
bdd-bcbe 2
1215
2
igc-bcbf 1
bged-bcbf 1
1216
3
iea-bcbg 3
behc-bcbg 1
dbh-bcbg 1
1217
1
bhg-bcbh 1
1218
3
jcf-bcbi 1
jdd-bcbi 1
bfcf-bcbi 1
1219
3
hgc-bcbj 1
bcch-bcbj 1
hjj-bcbj 1
1220
4
fb-bcca 1
behj-bcca 1
bdhj-bcca 1
jfe-bcca 11
1221
3
bcag-bccb 1
cid-bccb 2
egb-bccb 1
1222
1
edj-bccc 1
1223
3
ced-bccd 1
behg-bccd 3
bfed-bccd 5
1224
2
eci-bcce 1
iib-bcce 1
1225
2
bajb-bccf 1
bfhd-bccf 7
1226
2
badf-bccg 1
begg-bccg 2
1227
1
hjg-bcch 1
1228
2
hjd-bcci 12
bcae-bcci 1
1229
6
hci-bccj 2
dci-bccj 1
bdeb-bccj 1
gbe-bccj 3
cfg-bccj 1
bg-bccj 1
1230
3
dh-bcda 4
ijd-bcda 2
beii-bcda 1
1231
3
baci-bcdb 1
bddd-bcdb 1
bbeb-bcdb 12
1232
4
ghb-bcdc 1
bcj-bcdc 1
bccd-bcdc 6
bfga-bcdc 1
1233
3
bbfh-bcdd 1
bdid-bcdd 1
bagh-bcdd 2
1234
5
gic-bcde 1
cba-bcde 1
baji-bcde 1
beje-bcde 1
bcha-bcde 1
1235
1
bbef-bcdf 5
1236
3
jje-bcdg 1
chc-bcdg 2
hjc-bcdg 4
1237
2
faf-bcdh 1
bchf-bcdh 1
1238
3
cfg-bcdi 2
becb-bcdi 1
hee-bcdi 1
1239
1
fdb-bcdj 9
1240
1
becb-bcea 2
1241
2
idj-bceb 1
bfcf-bceb 1
1242
1
dgj-bcec 1
1243
1
bcjd-bced 1
1244
6
gdf-bcee 1
ejh-bcee 1
bdca-bcee 1
bdja-bcee 1
ffd-bcee 1
iai-bcee 1
1245
2
fbj-bcef 2
fbb-bcef 1
1246
1
cca-bceg 1
1247
4
bge-bceh 1
bbdf-bceh 1
bdae-bceh 1
fab-bceh 1
1248
1
bci-bcei 1
1249
3
jfh-bcej 1
ef-bcej 1
gif-bcej 1
1250
2
djh-bcfa 1
jfh-bcfa 10
1252
2
jbj-bcfc 1
cig-bcfc 1
1253
3
jeh-bcfd 1
idg-bcfd 2
beie-bcfd 1
1254
1
jh-bcfe 1
1255
4
ddd-bcff 1
hfh-bcff 1
begg-bcff 2
iie-bcff 1
1256
2
fjj-bcfg 1
bcje-bcfg 1
1257
1
egd-bcfh 1
1258
1
ihe-bcfi 1
1259
4
jii-bcfj 1
cig-bcfj 1
bchb-bcfj 3
ibc-bcfj 1
1260
1
ghc-bcga 1
1261
2
eai-bcgb 3
jae-bcgb 2
1262
2
bahc-bcgc 1
beih-bcgc 1
1263
1
gba-bcgd 1
1264
3
baih-bcge 1
bddi-bcge 1
bgh-bcge 1
1265
1
bbga-bcgf 2
1266
2
beej-bcgg 1
bfhf-bcgg 11
1267
2
cbj-bcgh 1
bdjg-bcgh 1
1268
4
bfh-bcgi 1
hce-bcgi 2
bge-bcgi 1
fca-bcgi 2
1269
3
bdbg-bcgj 2
beae-bcgj 2
bfci-bcgj 1
1270
2
dgg-bcha 1
deh-bcha 1
1271
2
hhd-bchb 1
bdfj-bchb 3
1272
2
bdb-bchc 1
cej-bchc 2
1273
2
jbd-bchd 2
bdaf-bchd 2
1274
2
gcd-bche 1
becg-bche 1
1275
2
hdj-bchf 1
bfag-bchf 3
1276
4
hhj-bchg 1
hga-bchg 2
idc-bchg 1
bebi-bchg 4
1277
5
cjb-bchh 1
bcjb-bchh 1
bbij-bchh 1
hhi-bchh 1
bcjj-bchh 2
1278
2
bcdj-bchi 1
ifh-bchi 1
1279
1
jcd-bchj 2
1280
5
hid-bcia 1
hhg-bcia 1
ibc-bcia 1
baid-bcia 1
bgec-bcia 1
1281
4
bdcc-bcib 1
dde-bcib 1
bfgd-bcib 2
bje-bcib 2
1283
1
bede-bcid 1
1284
3
bbgh-bcie 1
bebd-bcie 1
eic-bcie 4
1285
2
jhh-bcif 1
bdjb-bcif 1
1286
1
fae-bcig 4
1287
1
cae-bcih 2
1288
3
cga-bcii 1
jeh-bcii 1
bafh-bcii 1
1289
1
ebd-bcij 1
1290
3
ica-bcja 1
hhd-bcja 4
bbfi-bcja 2
1291
2
bcaa-bcjb 1
dba-bcjb 1
1292
2
bbdg-bcjc 1
bbaf-bcjc 1
1293
1
hdf-bcjd 2
1294
1
bbfh-bcje 1
1295
4
dde-bcjf 2
fda-bcjf 1
bdjc-bcjf 2
bedc-bcjf 1
1296
2
jce-bcjg 1
eii-bcjg 1
1297
1
dch-bcjh 1
1298
2
ida-bcji 1
dg-bcji 1
1299
2
fig-bcjj 1
bfgi-bcjj 1
1300
3
eba-bdaa 1
gcj-bdaa 1
edh-bdaa 2
1301
2
iji-bdab 1
bdib-bdab 1
1302
2
gba-bdac 1
cgb-bdac 2
1303
3
dja-bdad 1
ch-bdad 1
jdi-bdad 1
1304
2
bbif-bdae 2
bahi-bdae 2
1305
1
ga-bdaf 2
1306
1
badg-bdag 1
1307
2
ibd-bdah 1
beeg-bdah 1
1308
2
bajh-bdai 1
baij-bdai 1
1309
2
je-bdaj 1
hed-bdaj 1
1310
1
bbch-bdba 1
1311
1
jeh-bdbb 1
1312
1
bcgf-bdbc 1
1314
1
hh-bdbe 1
1315
1
hf-bdbf 1
1316
3
hdj-bdbg 1
bfii-bdbg 2
ddc-bdbg 1
1317
1
jhg-bdbh 2
1318
2
dbc-bdbi 1
bfbc-bdbi 1
1319
4
bbci-bdbj 1
jfa-bdbj 4
dhe-bdbj 2
gid-bdbj 5
1320
1
fej-bdca 1
1321
2
cii-bdcb 1
ibj-bdcb 2
1322
2
iig-bdcc 1
bdhf-bdcc 6
1323
2
bbcb-bdcd 1
bdgd-bdcd 1
1324
1
jfc-bdce 1
1325
1
faa-bdcf 1
1326
1
bce-bdcg 1
1327
2
cac-bdch 2
hgc-bdch 4
1328
2
efh-bdci 2
ci-bdci 1
1329
2
feb-bdcj 3
jjc-bdcj 4
1330
2
efh-bdda 2
bebj-bdda 1
1331
1
bbbg-bddb 1
1333
2
bcbf-bddd 1
daa-bddd 1
1334
2
jif-bdde 1
bid-bdde 1
1335
3
gig-bddf 1
bbbg-bddf 1
bbcc-bddf 1
1336
1
badj-bddg 1
1337
1
bffa-bddh 1
1338
1
fjg-bddi 1
1339
3
bj-bddj 1
bcaf-bddj 6
bbbe-bddj 6
1340
1
dc-bdea 6
1341
2
bdif-bdeb 2
jaf-bdeb 1
1342
4
ida-bdec 1
bfeg-bdec 1
bfaf-bdec 6
cca-bdec 1
1343
2
bbbi-bded 1
befd-bded 2
1344
3
bcie-bdee 1
gii-bdee 2
cgc-bdee 1
1345
2
hbe-bdef 4
bbeg-bdef 1
1346
3
hdh-bdeg 1
iai-bdeg 1
bgfb-bdeg 1
1347
2
cfc-bdeh 1
ecj-bdeh 1
1348
1
bccd-bdei 1
1349
2
jag-bdej 1
bfaa-bdej 1
1350
3
jjf-bdfa 1
hdb-bdfa 2
bje-bdfa 1
1351
2
icf-bdfb 1
ijg-bdfb 3
1352
1
hdc-bdfc 1
1353
2
bec-bdfd 3
efb-bdfd 1
1354
2
gdf-bdfe 3
bfeg-bdfe 2
1355
1
jga-bdff 5
1356
2
bib-bdfg 1
bdic-bdfg 1
1357
2
bacc-bdfh 2
bege-bdfh 1
1358
2
jcf-bdfi 1
becc-bdfi 11
1359
3
bbjf-bdfj 3
cdf-bdfj 1
hae-bdfj 8
1360
4
bafa-bdga 2
ihf-bdga 3
begc-bdga 1
ehh-bdga 1
1361
3
hig-bdgb 1
fca-bdgb 1
bead-bdgb 8
1362
2
bcbd-bdgc 1
eba-bdgc 6
1363
2
gga-bdgd 1
gbc-bdgd 1
1364
1
baej-bdge 18
1365
3
gdb-bdgf 1
fcc-bdgf 2
bfbe-bdgf 7
1366
1
fbh-bdgg 1
1367
2
ghj-bdgh 1
eea-bdgh 1
1368
2
bdjb-bdgi 2
bdj-bdgi 3
1369
2
hhh-bdgj 1
bgdi-bdgj 1
1370
3
gfj-bdha 1
daj-bdha 1
behi-bdha 1
1371
2
hbh-bdhb 3
haf-bdhb 1
1372
2
jei-bdhc 1
bahg-bdhc 15
1373
2
bae-bdhd 1
bcbg-bdhd 3
1374
4
jjj-bdhe 2
baia-bdhe 1
ecc-bdhe 1
bagb-bdhe 10
1375
2
bcdh-bdhf 1
bfae-bdhf 6
1376
1
efd-bdhg 1
1377
1
bdfd-bdhh 2
1378
3
ccf-bdhi 8
ihe-bdhi 1
hb-bdhi 1
1379
1
iah-bdhj 1
1380
2
jgg-bdia 2
bgff-bdia 1
1381
1
bcfi-bdib 1
1382
1
hhg-bdic 1
1383
1
beh-bdid 2
1384
1
igc-bdie 1
1385
2
fgc-bdif 1
f-bdif 1
1386
2
bajc-bdig 1
bdge-bdig 18
1387
1
ijf-bdih 1
1388
2
cch-bdii 2
fbg-bdii 1
1389
1
fbg-bdij 1
1390
2
bbhb-bdja 7
bdeb-bdja 1
1391
1
bchd-bdjb 2
1392
2
ifh-bdjc 1
bfbb-bdjc 2
1393
1
eca-bdjd 2
1394
3
bacj-bdje 1
cge-bdje 1
bbjb-bdje 1
1395
1
jig-bdjf 2
1396
1
bdef-bdjg 2
1397
2
baj-bdjh 1
bfdf-bdjh 1
1398
2
bej-bdji 1
egb-bdji 1
1399
2
cb-bdjj 1
bccf-bdjj 6
1400
2
bcfj-beaa 1
eeb-beaa 1
1401
2
baai-beab 1
bdde-beab 1
1403
2
bib-bead 6
bafg-bead 2
1404
1
bdch-beae 2
1405
1
geb-beaf 1
1406
1
cci-beag 2
1407
3
jie-beah 1
bche-beah 1
bgfc-beah 1
1408
1
ida-beai 2
1409
2
bcea-beaj 1
dea-beaj 3
1410
3
bbf-beba 3
bbcb-beba 2
bfg-beba 1
1411
1
bgf-bebb 1
1412
1
bbah-bebc 1
1413
2
babc-bebd 1
bejj-bebd 1
1414
1
bccd-bebe 2
1415
2
bbfj-bebf 9
ghb-bebf 1
1416
1
idj-bebg 1
1417
2
bbgc-bebh 1
dag-bebh 1
1418
1
fad-bebi 5
1419
1
bbec-bebj 1
1420
2
ddg-beca 1
jjf-beca 1
1421
3
jed-becb 1
bcg-becb 1
bfbj-becb 2
1422
2
bcc-becc 2
haf-becc 10
1423
2
bbii-becd 7
fba-becd 4
1424
1
fii-bece 1
1425
2
hce-becf 1
fed-becf 1
1426
1
bagi-becg 1
1427
1
dfj-bech 1
1428
1
bbgj-beci 2
1429
2
bdbi-becj 1
hec-becj 4
1430
3
cbd-beda 5
bfhh-beda 6
bc-beda 1
1431
1
bebd-bedb 1
1432
2
baic-bedc 1
bfaj-bedc 1
1433
1
ceg-bedd 1
1434
2
hf-bede 1
bbda-bede 5
1435
2
ebh-bedf 7
djf-bedf 1
1436
2
gfg-bedg 1
jbg-bedg 1
1437
2
bgai-bedh 4
baha-bedh 3
1438
2
iib-bedi 4
bfba-bedi 1
1439
1
igd-bedj 1
1441
2
bbee-beeb 1
hcf-beeb 4
1442
1
jba-beec 1
1443
3
dgj-beed 1
bfih-beed 4
becd-beed 6
1444
2
hhc-beee 2
eff-beee 9
1445
2
hhf-beef 1
icf-beef 3
1446
3
he-beeg 2
befc-beeg 1
bdeb-beeg 2
1447
1
bdgc-beeh 5
1448
1
bdcg-beei 1
1449
1
cge-beej 1
1450
2
cbc-befa 7
ebe-befa 1
1451
1
babd-befb 2
1452
1
bchf-befc 1
1453
3
iia-befd 2
chj-befd 1
dci-befd 1
1454
1
fif-befe 1
1455
2
hc-beff 1
fid-beff 10
1456
1
bah-befg 2
1457
1
heh-befh 1
1458
1
bahf-befi 1
1459
1
bdgc-befj 2
1460
1
gca-bega 1
1461
1
iie-begb 1
1462
2
ghf-begc 1
bgad-begc 1
1463
1
bdgi-begd 5
1464
2
babb-bege 1
bdci-bege 1
1465
1
dfc-begf 1
1466
2
bfai-begg 1
ifb-begg 3
1467
1
eac-begh 1
1468
1
cff-begi 3
1469
2
bbfb-begj 4
eef-begj 1
1470
3
bebd-beha 1
hcj-beha 2
cji-beha 1
1471
1
bfdh-behb 6
1472
1
ifa-behc 1
1473
1
eda-behd 1
1474
3
baja-behe 1
ihd-behe 1
bgaa-behe 3
1475
1
hdf-behf 1
1476
1
iei-behg 4
1477
1
bcgg-behh 11
1478
2
bgde-behi 4
bjh-behi 1
1479
3
dcd-behj 1
ihb-behj 1
dbd-behj 1
1480
1
ffd-beia 1
1481
1
bdaj-beib 1
1482
3
ec-beic 1
dg-beic 3
bbb-beic 1
1483
2
iai-beid 2
bdje-beid 1
1484
1
cgc-beie 1
1485
3
hfb-beif 1
cii-beif 1
gab-beif 12
1486
2
bedd-beig 1
baf-beig 1
1487
2
dcc-beih 3
ijd-beih 11
1488
1
cbe-beii 1
1489
2
che-beij 1
bah-beij 2
1490
1
cid-beja 1
1491
1
bace-bejb 1
1493
1
badc-bejd 1
1494
1
baag-beje 1
1495
1
jhi-bejf 1
1496
2
cha-bejg 1
bcag-bejg 2
1497
1
bdaa-bejh 2
1498
2
ifa-beji 1
dcf-beji 1
1499
1
cdg-bejj 1
1500
2
bhf-bfaa 1
ccd-bfaa 1
1501
1
fbi-bfab 1
1503
1
jhc-bfad 1
1504
3
ecc-bfae 3
bfah-bfae 3
bai-bfae 1
1505
2
hbb-bfaf 1
bedh-bfaf 6
1506
2
jai-bfag 4
bdad-bfag 1
1507
1
jbf-bfah 3
1508
1
bcaj-bfai 1
1509
1
bcjd-bfaj 1
1510
1
bdgg-bfba 1
1511
1
hda-bfbb 2
1512
1
ijd-bfbc 1
1513
3
fia-bfbd 1
bbjd-bfbd 1
dcg-bfbd 1
1514
1
behh-bfbe 7
1515
2
efe-bfbf 8
bdga-bfbf 5
1516
1
hih-bfbg 2
1518
1
jjc-bfbi 1
1519
1
beif-bfbj 2
1520
1
ghc-bfca 4
1521
3
gfa-bfcb 1
gaj-bfcb 8
bbba-bfcb 3
1522
1
gga-bfcc 1
1523
3
ggc-bfcd 1
bcdc-bfcd 6
bdbj-bfcd 8
1524
1
jh-bfce 1
1525
1
bca-bfcf 1
1526
3
cjc-bfcg 5
bfgg-bfcg 1
bgdj-bfcg 2
1527
1
bafe-bfch 3
1528
1
fjb-bfci 1
1529
2
gh-bfcj 1
dif-bfcj 1
1530
2
baai-bfda 2
bgce-bfda 1
1531
1
iih-bfdb 1
1532
1
bfbc-bfdc 1
1533
1
bcgh-bfdd 1
1534
1
jgf-bfde 3
1535
1
ddf-bfdf 1
1536
1
bdfi-bfdg 11
1537
1
bdec-bfdh 6
1538
2
ihc-bfdi 1
fgc-bfdi 2
1539
2
bddd-bfdj 1
dgg-bfdj 1
1540
1
jdg-bfea 1
1541
1
ggf-bfeb 2
1542
2
bdge-bfec 1
edg-bfec 1
1543
2
iia-bfed 8
iea-bfed 8
1544
2
fhi-bfee 4
dae-bfee 4
1545
4
bgaf-bfef 1
faa-bfef 1
ied-bfef 3
bgda-bfef 1
1546
1
dfb-bfeg 2
1547
1
fdc-bfeh 1
1548
1
cbf-bfei 1
1549
1
bdia-bfej 1
1550
1
iab-bffa 1
1551
1
bda-bffb 1
1552
1
iai-bffc 1
1553
1
egi-bffd 1
1554
1
jai-bffe 1
1555
1
becg-bfff 1
1556
1
gci-bffg 2
1557
1
ghi-bffh 2
1558
1
ed-bffi 1
1559
1
eda-bffj 2
1560
2
dcg-bfga 1
bfj-bfga 1
1561
2
beif-bfgb 12
bcfj-bfgb 2
1562
1
bdac-bfgc 1
1563
1
ihj-bfgd 2
1564
1
chj-bfge 1
1565
2
eig-bfgf 1
bgga-bfgf 9
1566
1
ec-bfgg 1
1567
1
bbie-bfgh 1
1568
3
fea-bfgi 1
bgee-bfgi 1
bgej-bfgi 7
1570
1
cga-bfha 1
1571
1
bhg-bfhb 2
1572
1
dgd-bfhc 1
1573
1
bdgb-bfhd 8
1574
1
bfi-bfhe 13
1575
2
jjj-bfhf 11
ded-bfhf 1
1576
2
ibi-bfhg 1
bfhi-bfhg 4
1577
1
ibh-bfhh 6
1578
1
ice-bfhi 8
1579
2
gih-bfhj 1
bejj-bfhj 1
1580
1
df-bfia 1
1581
1
bdca-bfib 1
1582
2
igc-bfic 1
bgfg-bfic 1
1583
1
hfa-bfid 1
1584
1
ceh-bfie 1
1585
2
caa-bfif 1
dfi-bfif 10
1587
1
cif-bfih 4
1588
2
edc-bfii 1
hjg-bfii 1
1589
1
gih-bfij 1
1590
1
bie-bfja 1
1591
1
icj-bfjb 1
1592
1
bej-bfjc 1
1593
1
bajd-bfjd 1
1594
1
bfba-bfje 1
1595
1
cdg-bfjf 4
1596
1
bdej-bfjg 2
1597
1
bcga-bfjh 1
1598
1
bebd-bfji 1
1599
1
hhg-bfjj 1
1600
1
bcdd-bgaa 3
1601
1
fga-bgab 2
1602
1
babg-bgac 2
1603
1
bdba-bgad 1
1604
1
bajd-bgae 2
1605
1
beab-bgaf 1
1606
1
bed-bgag 2
1607
1
bdhi-bgah 1
1608
1
baji-bgai 4
1609
1
egb-bgaj 3
1610
1
ddd-bgba 1
1611
1
dib-bgbb 1
1612
1
bba-bgbc 1
1613
2
bfb-bgbd 1
bfje-bgbd 1
1614
1
bfhe-bgbe 10
1615
1
bbfa-bgbf 1
1616
1
dff-bgbg 2
1617
2
ece-bgbh 1
bgfh-bgbh 1
1618
1
bfjc-bgbi 1
1619
1
cbj-bgbj 1
1620
1
hjh-bgca 1
1621
1
icd-bgcb 4
1622
2
dga-bgcc 4
bdbe-bgcc 1
1624
1
bacd-bgce 1
1625
1
cib-bgcf 4
1626
1
cba-bgcg 5
1627
1
cga-bgch 3
1628
2
hje-bgci 8
bda-bgci 1
1629
1
beeg-bgcj 3
1630
1
bcai-bgda 1
1631
1
jdd-bgdb 1
1632
1
gbb-bgdc 2
1633
3
ede-bgdd 3
bffd-bgdd 1
bhf-bgdd 1
1634
1
beic-bgde 4
1635
1
bbia-bgdf 1
1636
1
baf-bgdg 1
1637
1
hhh-bgdh 1
1638
2
jdi-bgdi 1
bach-bgdi 1
1639
1
jdb-bgdj 3
1640
1
bcia-bgea 1
1641
1
ega-bgeb 3
1642
2
bacg-bgec 1
djd-bgec 1
1643
1
behi-bged 1
1644
1
hjf-bgee 1
1645
1
fed-bgef 1
1646
1
baca-bgeg 1
1647
1
bece-bgeh 1
1648
1
bgca-bgei 1
1649
1
jej-bgej 6
1650
1
bddj-bgfa 8
1651
1
bhh-bgfb 1
1652
1
bfjg-bgfc 1
1653
2
gif-bgfd 10
ddb-bgfd 1
1654
1
bfcf-bgfe 1
1655
1
bcgh-bgff 1
1656
1
bce-bgfg 1
1657
1
bgbi-bgfh 1
1658
1
bie-bgfi 1
1659
1
eef-bgfj 2
1660
1
bdhi-bgga 9
1661
1
bdhg-bggb 1
